[0.014s] Invoking command in '/home/rakesh/go2_ws/build/realsense2_description': CMAKE_PREFIX_PATH=${CMAKE_PREFIX_PATH}:/opt/ros/jazzy: DEBUGINFOD_URLS=https://debuginfod.ubuntu.com /usr/bin/cmake /home/rakesh/go2_ws/src/realsense2_description -DCMAKE_INSTALL_PREFIX=/home/rakesh/go2_ws/install/realsense2_description
[0.112s] -- The C compiler identification is GNU 13.3.0
[0.207s] -- The CXX compiler identification is GNU 13.3.0
[0.235s] -- Detecting C compiler ABI info
[0.398s] -- Detecting C compiler ABI info - done
[0.410s] -- Check for working C compiler: /usr/bin/cc - skipped
[0.411s] -- Detecting C compile features
[0.411s] -- Detecting C compile features - done
[0.426s] -- Detecting CXX compiler ABI info
[0.603s] -- Detecting CXX compiler ABI info - done
[0.618s] -- Check for working CXX compiler: /usr/bin/c++ - skipped
[0.618s] -- Detecting CXX compile features
[0.618s] -- Detecting CXX compile features - done
[0.625s] -- Found ament_cmake: 2.5.4 (/opt/ros/jazzy/share/ament_cmake/cmake)
[0.880s] -- Found Python3: /usr/bin/python3 (found version "3.12.3") found components: Interpreter 
[1.232s] -- Configuring done (1.2s)
[1.238s] -- Generating done (0.0s)
[1.240s] -- Build files have been written to: /home/rakesh/go2_ws/build/realsense2_description
[1.250s] Invoked command in '/home/rakesh/go2_ws/build/realsense2_description' returned '0': CMAKE_PREFIX_PATH=${CMAKE_PREFIX_PATH}:/opt/ros/jazzy: DEBUGINFOD_URLS=https://debuginfod.ubuntu.com /usr/bin/cmake /home/rakesh/go2_ws/src/realsense2_description -DCMAKE_INSTALL_PREFIX=/home/rakesh/go2_ws/install/realsense2_description
[1.250s] Invoking command in '/home/rakesh/go2_ws/build/realsense2_description': CMAKE_PREFIX_PATH=${CMAKE_PREFIX_PATH}:/opt/ros/jazzy: DEBUGINFOD_URLS=https://debuginfod.ubuntu.com /usr/bin/cmake --build /home/rakesh/go2_ws/build/realsense2_description -- -j12 -l12
[1.326s] Invoked command in '/home/rakesh/go2_ws/build/realsense2_description' returned '0': CMAKE_PREFIX_PATH=${CMAKE_PREFIX_PATH}:/opt/ros/jazzy: DEBUGINFOD_URLS=https://debuginfod.ubuntu.com /usr/bin/cmake --build /home/rakesh/go2_ws/build/realsense2_description -- -j12 -l12
[1.345s] Invoking command in '/home/rakesh/go2_ws/build/realsense2_description': CMAKE_PREFIX_PATH=${CMAKE_PREFIX_PATH}:/opt/ros/jazzy: DEBUGINFOD_URLS=https://debuginfod.ubuntu.com /usr/bin/cmake --install /home/rakesh/go2_ws/build/realsense2_description
[1.361s] -- Install configuration: ""
[1.361s] -- Installing: /home/rakesh/go2_ws/install/realsense2_description/share/realsense2_description/launch
[1.361s] -- Installing: /home/rakesh/go2_ws/install/realsense2_description/share/realsense2_description/launch/view_model.launch.py
[1.364s] -- Installing: /home/rakesh/go2_ws/install/realsense2_description/share/realsense2_description/launch/launch_utils.py
[1.364s] -- Installing: /home/rakesh/go2_ws/install/realsense2_description/share/realsense2_description/meshes
[1.364s] -- Installing: /home/rakesh/go2_ws/install/realsense2_description/share/realsense2_description/meshes/d455.stl
[1.370s] -- Installing: /home/rakesh/go2_ws/install/realsense2_description/share/realsense2_description/meshes/dae_new.dae
[1.415s] -- Installing: /home/rakesh/go2_ws/install/realsense2_description/share/realsense2_description/meshes/plug_collision.stl
[1.416s] -- Installing: /home/rakesh/go2_ws/install/realsense2_description/share/realsense2_description/meshes/l515.dae
[1.491s] -- Installing: /home/rakesh/go2_ws/install/realsense2_description/share/realsense2_description/meshes/d415.stl
[1.535s] -- Installing: /home/rakesh/go2_ws/install/realsense2_description/share/realsense2_description/meshes/d435.dae
[1.572s] -- Installing: /home/rakesh/go2_ws/install/realsense2_description/share/realsense2_description/meshes/plug.stl
[1.573s] -- Installing: /home/rakesh/go2_ws/install/realsense2_description/share/realsense2_description/meshes/d405.stl
[1.573s] -- Installing: /home/rakesh/go2_ws/install/realsense2_description/share/realsense2_description/rviz
[1.574s] -- Installing: /home/rakesh/go2_ws/install/realsense2_description/share/realsense2_description/rviz/urdf.rviz
[1.574s] -- Installing: /home/rakesh/go2_ws/install/realsense2_description/share/realsense2_description/urdf
[1.574s] -- Installing: /home/rakesh/go2_ws/install/realsense2_description/share/realsense2_description/urdf/_d455.urdf.xacro
[1.574s] -- Installing: /home/rakesh/go2_ws/install/realsense2_description/share/realsense2_description/urdf/test_d435_camera.urdf.xacro
[1.574s] -- Installing: /home/rakesh/go2_ws/install/realsense2_description/share/realsense2_description/urdf/_d435i.urdf.xacro
[1.575s] -- Installing: /home/rakesh/go2_ws/install/realsense2_description/share/realsense2_description/urdf/test_d405_camera.urdf.xacro
[1.575s] -- Installing: /home/rakesh/go2_ws/install/realsense2_description/share/realsense2_description/urdf/test_d415_camera.urdf.xacro
[1.575s] -- Installing: /home/rakesh/go2_ws/install/realsense2_description/share/realsense2_description/urdf/_usb_plug.urdf.xacro
[1.575s] -- Installing: /home/rakesh/go2_ws/install/realsense2_description/share/realsense2_description/urdf/_d405.urdf.xacro
[1.576s] -- Installing: /home/rakesh/go2_ws/install/realsense2_description/share/realsense2_description/urdf/test_d455_camera.urdf.xacro
[1.576s] -- Installing: /home/rakesh/go2_ws/install/realsense2_description/share/realsense2_description/urdf/_r430.urdf.xacro
[1.576s] -- Installing: /home/rakesh/go2_ws/install/realsense2_description/share/realsense2_description/urdf/test_d435i_camera.urdf.xacro
[1.576s] -- Installing: /home/rakesh/go2_ws/install/realsense2_description/share/realsense2_description/urdf/test_r430_camera.urdf.xacro
[1.577s] -- Installing: /home/rakesh/go2_ws/install/realsense2_description/share/realsense2_description/urdf/test_r410_camera.urdf.xacro
[1.577s] -- Installing: /home/rakesh/go2_ws/install/realsense2_description/share/realsense2_description/urdf/_d435i_imu_modules.urdf.xacro
[1.577s] -- Installing: /home/rakesh/go2_ws/install/realsense2_description/share/realsense2_description/urdf/test_d435_multiple_cameras.urdf.xacro
[1.577s] -- Installing: /home/rakesh/go2_ws/install/realsense2_description/share/realsense2_description/urdf/_d435.urdf.xacro
[1.578s] -- Installing: /home/rakesh/go2_ws/install/realsense2_description/share/realsense2_description/urdf/_d415.urdf.xacro
[1.578s] -- Installing: /home/rakesh/go2_ws/install/realsense2_description/share/realsense2_description/urdf/_r410.urdf.xacro
[1.578s] -- Installing: /home/rakesh/go2_ws/install/realsense2_description/share/realsense2_description/urdf/_materials.urdf.xacro
[1.579s] -- Installing: /home/rakesh/go2_ws/install/realsense2_description/share/ament_index/resource_index/package_run_dependencies/realsense2_description
[1.579s] -- Installing: /home/rakesh/go2_ws/install/realsense2_description/share/ament_index/resource_index/parent_prefix_path/realsense2_description
[1.580s] -- Installing: /home/rakesh/go2_ws/install/realsense2_description/share/realsense2_description/environment/ament_prefix_path.sh
[1.580s] -- Installing: /home/rakesh/go2_ws/install/realsense2_description/share/realsense2_description/environment/ament_prefix_path.dsv
[1.580s] -- Installing: /home/rakesh/go2_ws/install/realsense2_description/share/realsense2_description/environment/path.sh
[1.580s] -- Installing: /home/rakesh/go2_ws/install/realsense2_description/share/realsense2_description/environment/path.dsv
[1.581s] -- Installing: /home/rakesh/go2_ws/install/realsense2_description/share/realsense2_description/local_setup.bash
[1.581s] -- Installing: /home/rakesh/go2_ws/install/realsense2_description/share/realsense2_description/local_setup.sh
[1.581s] -- Installing: /home/rakesh/go2_ws/install/realsense2_description/share/realsense2_description/local_setup.zsh
[1.581s] -- Installing: /home/rakesh/go2_ws/install/realsense2_description/share/realsense2_description/local_setup.dsv
[1.582s] -- Installing: /home/rakesh/go2_ws/install/realsense2_description/share/realsense2_description/package.dsv
[1.583s] -- Installing: /home/rakesh/go2_ws/install/realsense2_description/share/ament_index/resource_index/packages/realsense2_description
[1.583s] -- Installing: /home/rakesh/go2_ws/install/realsense2_description/share/realsense2_description/cmake/realsense2_descriptionConfig.cmake
[1.583s] -- Installing: /home/rakesh/go2_ws/install/realsense2_description/share/realsense2_description/cmake/realsense2_descriptionConfig-version.cmake
[1.583s] -- Installing: /home/rakesh/go2_ws/install/realsense2_description/share/realsense2_description/package.xml
[1.587s] Invoked command in '/home/rakesh/go2_ws/build/realsense2_description' returned '0': CMAKE_PREFIX_PATH=${CMAKE_PREFIX_PATH}:/opt/ros/jazzy: DEBUGINFOD_URLS=https://debuginfod.ubuntu.com /usr/bin/cmake --install /home/rakesh/go2_ws/build/realsense2_description
