[0.037s] Invoking command in '/home/rakesh/go2_ws/build/go2_description': AMENT_PREFIX_PATH=/home/rakesh/go2_ws/install/realsense2_description:${AMENT_PREFIX_PATH} CMAKE_PREFIX_PATH=/home/rakesh/go2_ws/install/realsense2_description:/opt/ros/jazzy/opt/gz_sim_vendor:/opt/ros/jazzy/opt/gz_sensors_vendor:/opt/ros/jazzy/opt/gz_physics_vendor:/opt/ros/jazzy/opt/sdformat_vendor:/opt/ros/jazzy/opt/gz_gui_vendor:/opt/ros/jazzy/opt/gz_transport_vendor:/opt/ros/jazzy/opt/gz_rendering_vendor:/opt/ros/jazzy/opt/gz_plugin_vendor:/opt/ros/jazzy/opt/gz_fuel_tools_vendor:/opt/ros/jazzy/opt/gz_msgs_vendor:/opt/ros/jazzy/opt/gz_common_vendor:/opt/ros/jazzy/opt/gz_math_vendor:/opt/ros/jazzy/opt/gz_utils_vendor:/opt/ros/jazzy/opt/gz_tools_vendor:/opt/ros/jazzy/opt/gz_ogre_next_vendor:/opt/ros/jazzy/opt/gz_dartsim_vendor:/opt/ros/jazzy/opt/gz_cmake_vendor:/opt/ros/jazzy: DEBUGINFOD_URLS=https://debuginfod.ubuntu.com /usr/bin/cmake --build /home/rakesh/go2_ws/build/go2_description -- -j12 -l12
[0.114s] Invoked command in '/home/rakesh/go2_ws/build/go2_description' returned '0': AMENT_PREFIX_PATH=/home/rakesh/go2_ws/install/realsense2_description:${AMENT_PREFIX_PATH} CMAKE_PREFIX_PATH=/home/rakesh/go2_ws/install/realsense2_description:/opt/ros/jazzy/opt/gz_sim_vendor:/opt/ros/jazzy/opt/gz_sensors_vendor:/opt/ros/jazzy/opt/gz_physics_vendor:/opt/ros/jazzy/opt/sdformat_vendor:/opt/ros/jazzy/opt/gz_gui_vendor:/opt/ros/jazzy/opt/gz_transport_vendor:/opt/ros/jazzy/opt/gz_rendering_vendor:/opt/ros/jazzy/opt/gz_plugin_vendor:/opt/ros/jazzy/opt/gz_fuel_tools_vendor:/opt/ros/jazzy/opt/gz_msgs_vendor:/opt/ros/jazzy/opt/gz_common_vendor:/opt/ros/jazzy/opt/gz_math_vendor:/opt/ros/jazzy/opt/gz_utils_vendor:/opt/ros/jazzy/opt/gz_tools_vendor:/opt/ros/jazzy/opt/gz_ogre_next_vendor:/opt/ros/jazzy/opt/gz_dartsim_vendor:/opt/ros/jazzy/opt/gz_cmake_vendor:/opt/ros/jazzy: DEBUGINFOD_URLS=https://debuginfod.ubuntu.com /usr/bin/cmake --build /home/rakesh/go2_ws/build/go2_description -- -j12 -l12
[0.116s] Invoking command in '/home/rakesh/go2_ws/build/go2_description': AMENT_PREFIX_PATH=/home/rakesh/go2_ws/install/realsense2_description:${AMENT_PREFIX_PATH} CMAKE_PREFIX_PATH=/home/rakesh/go2_ws/install/realsense2_description:/opt/ros/jazzy/opt/gz_sim_vendor:/opt/ros/jazzy/opt/gz_sensors_vendor:/opt/ros/jazzy/opt/gz_physics_vendor:/opt/ros/jazzy/opt/sdformat_vendor:/opt/ros/jazzy/opt/gz_gui_vendor:/opt/ros/jazzy/opt/gz_transport_vendor:/opt/ros/jazzy/opt/gz_rendering_vendor:/opt/ros/jazzy/opt/gz_plugin_vendor:/opt/ros/jazzy/opt/gz_fuel_tools_vendor:/opt/ros/jazzy/opt/gz_msgs_vendor:/opt/ros/jazzy/opt/gz_common_vendor:/opt/ros/jazzy/opt/gz_math_vendor:/opt/ros/jazzy/opt/gz_utils_vendor:/opt/ros/jazzy/opt/gz_tools_vendor:/opt/ros/jazzy/opt/gz_ogre_next_vendor:/opt/ros/jazzy/opt/gz_dartsim_vendor:/opt/ros/jazzy/opt/gz_cmake_vendor:/opt/ros/jazzy: DEBUGINFOD_URLS=https://debuginfod.ubuntu.com /usr/bin/cmake --install /home/rakesh/go2_ws/build/go2_description
[0.132s] -- Install configuration: ""
[0.132s] -- Up-to-date: /home/rakesh/go2_ws/install/go2_description/share/go2_description//urdf
[0.132s] -- Up-to-date: /home/rakesh/go2_ws/install/go2_description/share/go2_description//urdf/go2_description.urdf.xacro
[0.132s] -- Up-to-date: /home/rakesh/go2_ws/install/go2_description/share/go2_description//urdf/testing.urdf.xacro
[0.132s] -- Up-to-date: /home/rakesh/go2_ws/install/go2_description/share/go2_description//urdf/Normal_collision_model.png
[0.132s] -- Up-to-date: /home/rakesh/go2_ws/install/go2_description/share/go2_description//urdf/materials.urdf.xacro
[0.133s] -- Up-to-date: /home/rakesh/go2_ws/install/go2_description/share/go2_description//urdf/Amended_collision_model.png
[0.133s] -- Up-to-date: /home/rakesh/go2_ws/install/go2_description/share/go2_description//urdf/.history
[0.133s] -- Up-to-date: /home/rakesh/go2_ws/install/go2_description/share/go2_description//urdf/.history/go2_description_20230905112749.urdf
[0.133s] -- Up-to-date: /home/rakesh/go2_ws/install/go2_description/share/go2_description//urdf/.history/go2_description_20230905113755.urdf
[0.133s] -- Up-to-date: /home/rakesh/go2_ws/install/go2_description/share/go2_description//urdf/.history/go2_description_20230904193705.urdf
[0.133s] -- Up-to-date: /home/rakesh/go2_ws/install/go2_description/share/go2_description//urdf/.history/go2_description_20230905113840.urdf
[0.133s] -- Up-to-date: /home/rakesh/go2_ws/install/go2_description/share/go2_description//urdf/.history/go2_description_20230904193644.urdf
[0.133s] -- Up-to-date: /home/rakesh/go2_ws/install/go2_description/share/go2_description//urdf/.history/go2_description_20230905113839.urdf
[0.134s] -- Up-to-date: /home/rakesh/go2_ws/install/go2_description/share/go2_description//urdf/.history/go2_description_20230905112047.urdf
[0.134s] -- Up-to-date: /home/rakesh/go2_ws/install/go2_description/share/go2_description//urdf/.history/go2_description_20230904182446.urdf
[0.134s] -- Up-to-date: /home/rakesh/go2_ws/install/go2_description/share/go2_description//urdf/.history/go2_description_20230905112217.urdf
[0.134s] -- Up-to-date: /home/rakesh/go2_ws/install/go2_description/share/go2_description//urdf/.history/go2_description_20230905113754.urdf
[0.134s] -- Up-to-date: /home/rakesh/go2_ws/install/go2_description/share/go2_description//urdf/.history/go2_description_20230905112735.urdf
[0.134s] -- Up-to-date: /home/rakesh/go2_ws/install/go2_description/share/go2_description//urdf/.history/go2_description_20230905112143.urdf
[0.134s] -- Up-to-date: /home/rakesh/go2_ws/install/go2_description/share/go2_description//urdf/.history/go2_description_20230904193711.urdf
[0.134s] -- Up-to-date: /home/rakesh/go2_ws/install/go2_description/share/go2_description//urdf/.history/go2_description_20230905115313.urdf
[0.134s] -- Up-to-date: /home/rakesh/go2_ws/install/go2_description/share/go2_description//urdf/.history/go2_description_20230905114759.urdf
[0.134s] -- Up-to-date: /home/rakesh/go2_ws/install/go2_description/share/go2_description//urdf/.history/go2_description_20230904144240.urdf
[0.134s] -- Up-to-date: /home/rakesh/go2_ws/install/go2_description/share/go2_description//urdf/.history/go2_description_20230905113000.urdf
[0.134s] -- Up-to-date: /home/rakesh/go2_ws/install/go2_description/share/go2_description//urdf/.history/go2_description_20230905114819.urdf
[0.135s] -- Up-to-date: /home/rakesh/go2_ws/install/go2_description/share/go2_description//urdf/.history/go2_description_20230904193710.urdf
[0.135s] -- Up-to-date: /home/rakesh/go2_ws/install/go2_description/share/go2_description//urdf/.history/go2_description_20230905115022.urdf
[0.135s] -- Up-to-date: /home/rakesh/go2_ws/install/go2_description/share/go2_description//urdf/.history/go2_description_20230905115300.urdf
[0.135s] -- Up-to-date: /home/rakesh/go2_ws/install/go2_description/share/go2_description//urdf/.history/go2_description_20230904193628.urdf
[0.135s] -- Up-to-date: /home/rakesh/go2_ws/install/go2_description/share/go2_description//urdf/.history/go2_description_20230904193653.urdf
[0.135s] -- Up-to-date: /home/rakesh/go2_ws/install/go2_description/share/go2_description//urdf/.history/go2_description_20230905112752.urdf
[0.135s] -- Up-to-date: /home/rakesh/go2_ws/install/go2_description/share/go2_description//urdf/.history/go2_description_20230905115215.urdf
[0.135s] -- Up-to-date: /home/rakesh/go2_ws/install/go2_description/share/go2_description//urdf/.history/go2_description_20230905113059.urdf
[0.135s] -- Up-to-date: /home/rakesh/go2_ws/install/go2_description/share/go2_description//urdf/.history/go2_description_20230905112944.urdf
[0.136s] -- Up-to-date: /home/rakesh/go2_ws/install/go2_description/share/go2_description//urdf/.history/go2_description_20230905115021.urdf
[0.136s] -- Up-to-date: /home/rakesh/go2_ws/install/go2_description/share/go2_description//urdf/.history/go2_description_20230905113633.urdf
[0.136s] -- Up-to-date: /home/rakesh/go2_ws/install/go2_description/share/go2_description//urdf/.history/go2_description_20230905115040.urdf
[0.136s] -- Up-to-date: /home/rakesh/go2_ws/install/go2_description/share/go2_description//urdf/.history/go2_description_20230905115226.urdf
[0.136s] -- Up-to-date: /home/rakesh/go2_ws/install/go2_description/share/go2_description//urdf/test.urdf.xacro
[0.136s] -- Up-to-date: /home/rakesh/go2_ws/install/go2_description/share/go2_description//urdf/test2.urdf.xacro
[0.136s] -- Up-to-date: /home/rakesh/go2_ws/install/go2_description/share/go2_description//urdf/d435.urdf.xacro
[0.136s] -- Up-to-date: /home/rakesh/go2_ws/install/go2_description/share/go2_description//launch
[0.136s] -- Up-to-date: /home/rakesh/go2_ws/install/go2_description/share/go2_description//launch/rviz.launch
[0.136s] -- Up-to-date: /home/rakesh/go2_ws/install/go2_description/share/go2_description//launch/check_joint.rviz
[0.136s] -- Up-to-date: /home/rakesh/go2_ws/install/go2_description/share/go2_description//launch/go2_rviz.launch
[0.137s] -- Up-to-date: /home/rakesh/go2_ws/install/go2_description/share/go2_description//launch/gazebo.launch
[0.137s] -- Up-to-date: /home/rakesh/go2_ws/install/go2_description/share/go2_description//xacro
[0.137s] -- Up-to-date: /home/rakesh/go2_ws/install/go2_description/share/go2_description//xacro/lidar.xacro
[0.137s] -- Up-to-date: /home/rakesh/go2_ws/install/go2_description/share/go2_description//xacro/camera.xacro
[0.137s] -- Up-to-date: /home/rakesh/go2_ws/install/go2_description/share/go2_description//xacro/materials.xacro
[0.137s] -- Up-to-date: /home/rakesh/go2_ws/install/go2_description/share/go2_description//xacro/robot.xacro
[0.137s] -- Up-to-date: /home/rakesh/go2_ws/install/go2_description/share/go2_description//xacro/const.xacro
[0.137s] -- Up-to-date: /home/rakesh/go2_ws/install/go2_description/share/go2_description//xacro/transmission.xacro
[0.137s] -- Up-to-date: /home/rakesh/go2_ws/install/go2_description/share/go2_description//xacro/velodyne.xacro
[0.137s] -- Up-to-date: /home/rakesh/go2_ws/install/go2_description/share/go2_description//xacro/leg.xacro
[0.137s] -- Up-to-date: /home/rakesh/go2_ws/install/go2_description/share/go2_description//xacro/gazebo123.xacro
[0.138s] -- Up-to-date: /home/rakesh/go2_ws/install/go2_description/share/go2_description//rviz
[0.138s] -- Up-to-date: /home/rakesh/go2_ws/install/go2_description/share/go2_description//rviz/go2_new.rviz
[0.138s] -- Up-to-date: /home/rakesh/go2_ws/install/go2_description/share/go2_description//config
[0.138s] -- Up-to-date: /home/rakesh/go2_ws/install/go2_description/share/go2_description//config/joint_names_go2_description.yaml
[0.138s] -- Up-to-date: /home/rakesh/go2_ws/install/go2_description/share/go2_description//config/control1.yaml
[0.138s] -- Up-to-date: /home/rakesh/go2_ws/install/go2_description/share/go2_description//config/gazebo_bridge.yaml
[0.138s] -- Up-to-date: /home/rakesh/go2_ws/install/go2_description/share/go2_description//config/robot_control.yaml
[0.138s] -- Up-to-date: /home/rakesh/go2_ws/install/go2_description/share/go2_description//model
[0.138s] -- Up-to-date: /home/rakesh/go2_ws/install/go2_description/share/go2_description//model/foot.dae
[0.138s] -- Up-to-date: /home/rakesh/go2_ws/install/go2_description/share/go2_description//model/thigh_mirror.dae
[0.138s] -- Up-to-date: /home/rakesh/go2_ws/install/go2_description/share/go2_description//model/base.dae
[0.138s] -- Up-to-date: /home/rakesh/go2_ws/install/go2_description/share/go2_description//model/hip.dae
[0.138s] -- Up-to-date: /home/rakesh/go2_ws/install/go2_description/share/go2_description//model/calf.dae
[0.139s] -- Up-to-date: /home/rakesh/go2_ws/install/go2_description/share/go2_description//model/calf_mirror.dae
[0.139s] -- Up-to-date: /home/rakesh/go2_ws/install/go2_description/share/go2_description//model/thigh.dae
[0.139s] -- Up-to-date: /home/rakesh/go2_ws/install/go2_description/share/go2_description//meshes
[0.139s] -- Up-to-date: /home/rakesh/go2_ws/install/go2_description/share/go2_description//meshes/trunk.dae
[0.139s] -- Up-to-date: /home/rakesh/go2_ws/install/go2_description/share/go2_description//meshes/foot.dae
[0.139s] -- Up-to-date: /home/rakesh/go2_ws/install/go2_description/share/go2_description//meshes/L1_4D_Lidar.dae
[0.139s] -- Up-to-date: /home/rakesh/go2_ws/install/go2_description/share/go2_description//meshes/thigh_mirror.dae
[0.139s] -- Up-to-date: /home/rakesh/go2_ws/install/go2_description/share/go2_description//meshes/base.dae
[0.139s] -- Up-to-date: /home/rakesh/go2_ws/install/go2_description/share/go2_description//meshes/VLP16_base_1.dae
[0.139s] -- Up-to-date: /home/rakesh/go2_ws/install/go2_description/share/go2_description//meshes/hip.dae
[0.139s] -- Up-to-date: /home/rakesh/go2_ws/install/go2_description/share/go2_description//meshes/calf.dae
[0.139s] -- Up-to-date: /home/rakesh/go2_ws/install/go2_description/share/go2_description//meshes/calf_mirror.dae
[0.139s] -- Up-to-date: /home/rakesh/go2_ws/install/go2_description/share/go2_description//meshes/hokuyo.dae
[0.140s] -- Up-to-date: /home/rakesh/go2_ws/install/go2_description/share/go2_description//meshes/thigh.dae
[0.140s] -- Up-to-date: /home/rakesh/go2_ws/install/go2_description/share/go2_description//meshes/d435.dae
[0.140s] -- Up-to-date: /home/rakesh/go2_ws/install/go2_description/share/go2_description//meshes/VLP16_base_2.dae
[0.140s] -- Up-to-date: /home/rakesh/go2_ws/install/go2_description/share/go2_description//meshes/VLP16_scan.dae
[0.140s] -- Up-to-date: /home/rakesh/go2_ws/install/go2_description/share/go2_description//sdf
[0.140s] -- Up-to-date: /home/rakesh/go2_ws/install/go2_description/share/go2_description//sdf/world.sdf
[0.140s] -- Up-to-date: /home/rakesh/go2_ws/install/go2_description/share/go2_description//sdf/plugins.xacro
[0.140s] -- Up-to-date: /home/rakesh/go2_ws/install/go2_description/share/ament_index/resource_index/package_run_dependencies/go2_description
[0.141s] -- Up-to-date: /home/rakesh/go2_ws/install/go2_description/share/ament_index/resource_index/parent_prefix_path/go2_description
[0.141s] -- Up-to-date: /home/rakesh/go2_ws/install/go2_description/share/go2_description/environment/ament_prefix_path.sh
[0.141s] -- Up-to-date: /home/rakesh/go2_ws/install/go2_description/share/go2_description/environment/ament_prefix_path.dsv
[0.141s] -- Up-to-date: /home/rakesh/go2_ws/install/go2_description/share/go2_description/environment/path.sh
[0.141s] -- Up-to-date: /home/rakesh/go2_ws/install/go2_description/share/go2_description/environment/path.dsv
[0.141s] -- Up-to-date: /home/rakesh/go2_ws/install/go2_description/share/go2_description/local_setup.bash
[0.141s] -- Up-to-date: /home/rakesh/go2_ws/install/go2_description/share/go2_description/local_setup.sh
[0.141s] -- Up-to-date: /home/rakesh/go2_ws/install/go2_description/share/go2_description/local_setup.zsh
[0.142s] -- Up-to-date: /home/rakesh/go2_ws/install/go2_description/share/go2_description/local_setup.dsv
[0.142s] -- Up-to-date: /home/rakesh/go2_ws/install/go2_description/share/go2_description/package.dsv
[0.142s] -- Up-to-date: /home/rakesh/go2_ws/install/go2_description/share/ament_index/resource_index/packages/go2_description
[0.142s] -- Up-to-date: /home/rakesh/go2_ws/install/go2_description/share/go2_description/cmake/go2_descriptionConfig.cmake
[0.142s] -- Up-to-date: /home/rakesh/go2_ws/install/go2_description/share/go2_description/cmake/go2_descriptionConfig-version.cmake
[0.142s] -- Up-to-date: /home/rakesh/go2_ws/install/go2_description/share/go2_description/package.xml
[0.143s] Invoked command in '/home/rakesh/go2_ws/build/go2_description' returned '0': AMENT_PREFIX_PATH=/home/rakesh/go2_ws/install/realsense2_description:${AMENT_PREFIX_PATH} CMAKE_PREFIX_PATH=/home/rakesh/go2_ws/install/realsense2_description:/opt/ros/jazzy/opt/gz_sim_vendor:/opt/ros/jazzy/opt/gz_sensors_vendor:/opt/ros/jazzy/opt/gz_physics_vendor:/opt/ros/jazzy/opt/sdformat_vendor:/opt/ros/jazzy/opt/gz_gui_vendor:/opt/ros/jazzy/opt/gz_transport_vendor:/opt/ros/jazzy/opt/gz_rendering_vendor:/opt/ros/jazzy/opt/gz_plugin_vendor:/opt/ros/jazzy/opt/gz_fuel_tools_vendor:/opt/ros/jazzy/opt/gz_msgs_vendor:/opt/ros/jazzy/opt/gz_common_vendor:/opt/ros/jazzy/opt/gz_math_vendor:/opt/ros/jazzy/opt/gz_utils_vendor:/opt/ros/jazzy/opt/gz_tools_vendor:/opt/ros/jazzy/opt/gz_ogre_next_vendor:/opt/ros/jazzy/opt/gz_dartsim_vendor:/opt/ros/jazzy/opt/gz_cmake_vendor:/opt/ros/jazzy: DEBUGINFOD_URLS=https://debuginfod.ubuntu.com /usr/bin/cmake --install /home/rakesh/go2_ws/build/go2_description
