[0.000000] (-) TimerEvent: {}
[0.000749] (realsense2_description) JobQueued: {'identifier': 'realsense2_description', 'dependencies': OrderedDict()}
[0.001771] (go2_description) JobQueued: {'identifier': 'go2_description', 'dependencies': OrderedDict({'realsense2_description': '/home/rakesh/go2_ws/install/realsense2_description'})}
[0.001894] (realsense2_description) JobStarted: {'identifier': 'realsense2_description'}
[0.012516] (realsense2_description) JobProgress: {'identifier': 'realsense2_description', 'progress': 'cmake'}
[0.013352] (realsense2_description) Command: {'cmd': ['/usr/bin/cmake', '/home/rakesh/go2_ws/src/realsense2_description', '-DCMAKE_INSTALL_PREFIX=/home/rakesh/go2_ws/install/realsense2_description'], 'cwd': '/home/rakesh/go2_ws/build/realsense2_description', 'env': OrderedDict({'GZ_SIM_SYSTEM_PLUGIN_PATH': ':/home/rakesh/opt/ros/jazzy/share/gz_ros2_control:/opt/ros/jazzy/share', 'GJS_DEBUG_TOPICS': 'JS ERROR;JS LOG', 'XDG_ACTIVATION_TOKEN': 'gnome-shell/Terminator/2807-15-rakesh-HP-Pavilion-Laptop-15-eh1xxx_TIME11314469', 'GZ_SIM_RESOURCE_PATH': '/opt/ros/jazzy/share::/path/to/your/textures', 'USER': 'rakesh', 'GZ_CONFIG_PATH': '/opt/ros/jazzy/opt/gz_sim_vendor/share/gz:/opt/ros/jazzy/opt/sdformat_vendor/share/gz:/opt/ros/jazzy/opt/gz_gui_vendor/share/gz:/opt/ros/jazzy/opt/gz_transport_vendor/share/gz:/opt/ros/jazzy/opt/gz_rendering_vendor/share/gz:/opt/ros/jazzy/opt/gz_plugin_vendor/share/gz:/opt/ros/jazzy/opt/gz_fuel_tools_vendor/share/gz:/opt/ros/jazzy/opt/gz_msgs_vendor/share/gz:/opt/ros/jazzy/opt/gz_common_vendor/share/gz', 'XDG_SESSION_TYPE': 'x11', 'CLUTTER_DISABLE_MIPMAPPED_TEXT': '1', 'SHLVL': '1', 'LD_LIBRARY_PATH': '/opt/ros/jazzy/opt/gz_sim_vendor/lib:/opt/ros/jazzy/opt/gz_sensors_vendor/lib:/opt/ros/jazzy/opt/gz_physics_vendor/lib:/opt/ros/jazzy/opt/sdformat_vendor/lib:/opt/ros/jazzy/opt/rviz_ogre_vendor/lib:/opt/ros/jazzy/lib/x86_64-linux-gnu:/opt/ros/jazzy/opt/gz_gui_vendor/lib:/opt/ros/jazzy/opt/gz_transport_vendor/lib:/opt/ros/jazzy/opt/gz_rendering_vendor/lib:/opt/ros/jazzy/opt/gz_plugin_vendor/lib:/opt/ros/jazzy/opt/gz_fuel_tools_vendor/lib:/opt/ros/jazzy/opt/gz_msgs_vendor/lib:/opt/ros/jazzy/opt/gz_common_vendor/lib:/opt/ros/jazzy/opt/gz_math_vendor/lib:/opt/ros/jazzy/opt/gz_utils_vendor/lib:/opt/ros/jazzy/opt/gz_tools_vendor/lib:/opt/ros/jazzy/opt/gz_ogre_next_vendor/lib:/opt/ros/jazzy/opt/gz_dartsim_vendor/lib:/opt/ros/jazzy/opt/gz_cmake_vendor/lib:/opt/ros/jazzy/lib:/opt/ros/jazzy/lib:/opt/unitree_robotics/lib:', 'HOME': '/home/rakesh', 'OLDPWD': '/home/rakesh', 'DESKTOP_SESSION': 'ubuntu-xorg', 'GIO_LAUNCHED_DESKTOP_FILE': '/usr/share/applications/terminator.desktop', 'ROS_PYTHON_VERSION': '3', 'GNOME_SHELL_SESSION_MODE': 'ubuntu', 'GTK_MODULES': 'gail:atk-bridge', 'MANAGERPID': '2411', 'SYSTEMD_EXEC_PID': '2807', 'GSM_SKIP_SSH_AGENT_WORKAROUND': 'true', 'DBUS_SESSION_BUS_ADDRESS': 'unix:path=/run/user/1000/bus', 'COLORTERM': 'truecolor', 'TERMINATOR_DBUS_NAME': 'net.tenshu.Terminator21a9d5db22c73a993ff0b42f64b396873', 'GIO_LAUNCHED_DESKTOP_FILE_PID': '14186', 'DEBUGINFOD_URLS': 'https://debuginfod.ubuntu.com', 'ROS_DISTRO': 'jazzy', 'LOGNAME': 'rakesh', 'JOURNAL_STREAM': '9:25688', '_': '/usr/bin/colcon', 'ROS_VERSION': '2', 'MEMORY_PRESSURE_WATCH': '/sys/fs/cgroup/user.slice/user-1000.slice/user@1000.service/session.slice/org.gnome.Shell@x11.service/memory.pressure', 'XDG_SESSION_CLASS': 'user', 'USERNAME': 'rakesh', 'TERM': 'xterm-256color', 'GAZEBO_MODEL_PATH': '/home/rakesh/go2_ws/src/go2_description:', 'GNOME_DESKTOP_SESSION_ID': 'this-is-deprecated', 'WINDOWPATH': '2', 'PATH': '/opt/ros/jazzy/opt/gz_msgs_vendor/bin:/opt/ros/jazzy/opt/gz_tools_vendor/bin:/opt/ros/jazzy/opt/gz_ogre_next_vendor/bin:/opt/ros/jazzy/bin:/opt/unitree_robotics/bin:/usr/local/sbin:/usr/local/bin:/usr/sbin:/usr/bin:/sbin:/bin:/usr/games:/usr/local/games:/snap/bin:/snap/bin', 'SESSION_MANAGER': 'local/rakesh-HP-Pavilion-Laptop-15-eh1xxx:@/tmp/.ICE-unix/2776,unix/rakesh-HP-Pavilion-Laptop-15-eh1xxx:/tmp/.ICE-unix/2776', 'INVOCATION_ID': '51a4733567f54ad4915497f590a411dc', 'XDG_MENU_PREFIX': 'gnome-', 'XDG_RUNTIME_DIR': '/run/user/1000', 'DISPLAY': ':0', 'TERMINATOR_DBUS_PATH': '/net/tenshu/Terminator2', 'LANG': 'en_US.UTF-8', 'XDG_CURRENT_DESKTOP': 'ubuntu:GNOME', 'XMODIFIERS': '@im=ibus', 'XDG_SESSION_DESKTOP': 'ubuntu-xorg', 'XAUTHORITY': '/run/user/1000/gdm/Xauthority', 'SSH_AUTH_SOCK': '/run/user/1000/keyring/ssh', 'AMENT_PREFIX_PATH': '/opt/ros/jazzy:', 'SHELL': '/bin/bash', 'IGN_GAZEBO_SYSTEM_PLUGIN_PATH': ':/home/rakesh/home/rakesh/gazebo_ros2_control', 'TERMINATOR_UUID': 'urn:uuid:256e2392-6220-4d4c-9a8e-43be3fb18f0c', 'QT_ACCESSIBILITY': '1', 'GDMSESSION': 'ubuntu-xorg', 'GPG_AGENT_INFO': '/run/user/1000/gnupg/S.gpg-agent:0:1', 'GJS_DEBUG_OUTPUT': 'stderr', 'ROS_AUTOMATIC_DISCOVERY_RANGE': 'SUBNET', 'QT_IM_MODULE': 'ibus', 'PWD': '/home/rakesh/go2_ws/build/realsense2_description', 'TURTLEBOT3_MODEL': 'waffle', 'LC_ALL': 'en_US.UTF-8', 'XDG_CONFIG_DIRS': '/etc/xdg/xdg-ubuntu-xorg:/etc/xdg', 'GAZEBO_PLUGIN_PATH': '/home/rakesh/home/rakesh/unitree_ros2/lib:/home/rakesh/home/rakesh/unitree_ros2/lib:/opt/ros/jazzy/lib:', 'XDG_DATA_DIRS': '/usr/share/ubuntu-xorg:/usr/share/gnome:/home/rakesh/.local/share/flatpak/exports/share:/var/lib/flatpak/exports/share:/usr/local/share/:/usr/share/:/var/lib/snapd/desktop', 'PYTHONPATH': '/opt/ros/jazzy/lib/python3.12/site-packages', 'COLCON': '1', 'MEMORY_PRESSURE_WRITE': 'c29tZSAyMDAwMDAgMjAwMDAwMAA=', 'VTE_VERSION': '7600', 'GZ_SIM_PHYSICS_ENGINE_PATH': '/usr/lib/x86_64-linux-gnu/gz-physics-6/engine-plugins', 'CMAKE_PREFIX_PATH': '/opt/ros/jazzy/opt/gz_sim_vendor:/opt/ros/jazzy/opt/gz_sensors_vendor:/opt/ros/jazzy/opt/gz_physics_vendor:/opt/ros/jazzy/opt/sdformat_vendor:/opt/ros/jazzy/opt/gz_gui_vendor:/opt/ros/jazzy/opt/gz_transport_vendor:/opt/ros/jazzy/opt/gz_rendering_vendor:/opt/ros/jazzy/opt/gz_plugin_vendor:/opt/ros/jazzy/opt/gz_fuel_tools_vendor:/opt/ros/jazzy/opt/gz_msgs_vendor:/opt/ros/jazzy/opt/gz_common_vendor:/opt/ros/jazzy/opt/gz_math_vendor:/opt/ros/jazzy/opt/gz_utils_vendor:/opt/ros/jazzy/opt/gz_tools_vendor:/opt/ros/jazzy/opt/gz_ogre_next_vendor:/opt/ros/jazzy/opt/gz_dartsim_vendor:/opt/ros/jazzy/opt/gz_cmake_vendor:/opt/ros/jazzy:'}), 'shell': False}
[0.099913] (-) TimerEvent: {}
[0.113642] (realsense2_description) StdoutLine: {'line': b'-- The C compiler identification is GNU 13.3.0\n'}
[0.200044] (-) TimerEvent: {}
[0.208509] (realsense2_description) StdoutLine: {'line': b'-- The CXX compiler identification is GNU 13.3.0\n'}
[0.237104] (realsense2_description) StdoutLine: {'line': b'-- Detecting C compiler ABI info\n'}
[0.300190] (-) TimerEvent: {}
[0.400221] (realsense2_description) StdoutLine: {'line': b'-- Detecting C compiler ABI info - done\n'}
[0.400394] (-) TimerEvent: {}
[0.412018] (realsense2_description) StdoutLine: {'line': b'-- Check for working C compiler: /usr/bin/cc - skipped\n'}
[0.412357] (realsense2_description) StdoutLine: {'line': b'-- Detecting C compile features\n'}
[0.412996] (realsense2_description) StdoutLine: {'line': b'-- Detecting C compile features - done\n'}
[0.427817] (realsense2_description) StdoutLine: {'line': b'-- Detecting CXX compiler ABI info\n'}
[0.500797] (-) TimerEvent: {}
[0.601296] (-) TimerEvent: {}
[0.605157] (realsense2_description) StdoutLine: {'line': b'-- Detecting CXX compiler ABI info - done\n'}
[0.619320] (realsense2_description) StdoutLine: {'line': b'-- Check for working CXX compiler: /usr/bin/c++ - skipped\n'}
[0.619625] (realsense2_description) StdoutLine: {'line': b'-- Detecting CXX compile features\n'}
[0.620154] (realsense2_description) StdoutLine: {'line': b'-- Detecting CXX compile features - done\n'}
[0.626741] (realsense2_description) StdoutLine: {'line': b'-- Found ament_cmake: 2.5.4 (/opt/ros/jazzy/share/ament_cmake/cmake)\n'}
[0.701421] (-) TimerEvent: {}
[0.801841] (-) TimerEvent: {}
[0.881987] (realsense2_description) StdoutLine: {'line': b'-- Found Python3: /usr/bin/python3 (found version "3.12.3") found components: Interpreter \n'}
[0.902008] (-) TimerEvent: {}
[1.002462] (-) TimerEvent: {}
[1.102809] (-) TimerEvent: {}
[1.203096] (-) TimerEvent: {}
[1.233800] (realsense2_description) StdoutLine: {'line': b'-- Configuring done (1.2s)\n'}
[1.239418] (realsense2_description) StdoutLine: {'line': b'-- Generating done (0.0s)\n'}
[1.241390] (realsense2_description) StdoutLine: {'line': b'-- Build files have been written to: /home/rakesh/go2_ws/build/realsense2_description\n'}
[1.250483] (realsense2_description) CommandEnded: {'returncode': 0}
[1.252089] (realsense2_description) JobProgress: {'identifier': 'realsense2_description', 'progress': 'build'}
[1.252121] (realsense2_description) Command: {'cmd': ['/usr/bin/cmake', '--build', '/home/rakesh/go2_ws/build/realsense2_description', '--', '-j12', '-l12'], 'cwd': '/home/rakesh/go2_ws/build/realsense2_description', 'env': OrderedDict({'GZ_SIM_SYSTEM_PLUGIN_PATH': ':/home/rakesh/opt/ros/jazzy/share/gz_ros2_control:/opt/ros/jazzy/share', 'GJS_DEBUG_TOPICS': 'JS ERROR;JS LOG', 'XDG_ACTIVATION_TOKEN': 'gnome-shell/Terminator/2807-15-rakesh-HP-Pavilion-Laptop-15-eh1xxx_TIME11314469', 'GZ_SIM_RESOURCE_PATH': '/opt/ros/jazzy/share::/path/to/your/textures', 'USER': 'rakesh', 'GZ_CONFIG_PATH': '/opt/ros/jazzy/opt/gz_sim_vendor/share/gz:/opt/ros/jazzy/opt/sdformat_vendor/share/gz:/opt/ros/jazzy/opt/gz_gui_vendor/share/gz:/opt/ros/jazzy/opt/gz_transport_vendor/share/gz:/opt/ros/jazzy/opt/gz_rendering_vendor/share/gz:/opt/ros/jazzy/opt/gz_plugin_vendor/share/gz:/opt/ros/jazzy/opt/gz_fuel_tools_vendor/share/gz:/opt/ros/jazzy/opt/gz_msgs_vendor/share/gz:/opt/ros/jazzy/opt/gz_common_vendor/share/gz', 'XDG_SESSION_TYPE': 'x11', 'CLUTTER_DISABLE_MIPMAPPED_TEXT': '1', 'SHLVL': '1', 'LD_LIBRARY_PATH': '/opt/ros/jazzy/opt/gz_sim_vendor/lib:/opt/ros/jazzy/opt/gz_sensors_vendor/lib:/opt/ros/jazzy/opt/gz_physics_vendor/lib:/opt/ros/jazzy/opt/sdformat_vendor/lib:/opt/ros/jazzy/opt/rviz_ogre_vendor/lib:/opt/ros/jazzy/lib/x86_64-linux-gnu:/opt/ros/jazzy/opt/gz_gui_vendor/lib:/opt/ros/jazzy/opt/gz_transport_vendor/lib:/opt/ros/jazzy/opt/gz_rendering_vendor/lib:/opt/ros/jazzy/opt/gz_plugin_vendor/lib:/opt/ros/jazzy/opt/gz_fuel_tools_vendor/lib:/opt/ros/jazzy/opt/gz_msgs_vendor/lib:/opt/ros/jazzy/opt/gz_common_vendor/lib:/opt/ros/jazzy/opt/gz_math_vendor/lib:/opt/ros/jazzy/opt/gz_utils_vendor/lib:/opt/ros/jazzy/opt/gz_tools_vendor/lib:/opt/ros/jazzy/opt/gz_ogre_next_vendor/lib:/opt/ros/jazzy/opt/gz_dartsim_vendor/lib:/opt/ros/jazzy/opt/gz_cmake_vendor/lib:/opt/ros/jazzy/lib:/opt/ros/jazzy/lib:/opt/unitree_robotics/lib:', 'HOME': '/home/rakesh', 'OLDPWD': '/home/rakesh', 'DESKTOP_SESSION': 'ubuntu-xorg', 'GIO_LAUNCHED_DESKTOP_FILE': '/usr/share/applications/terminator.desktop', 'ROS_PYTHON_VERSION': '3', 'GNOME_SHELL_SESSION_MODE': 'ubuntu', 'GTK_MODULES': 'gail:atk-bridge', 'MANAGERPID': '2411', 'SYSTEMD_EXEC_PID': '2807', 'GSM_SKIP_SSH_AGENT_WORKAROUND': 'true', 'DBUS_SESSION_BUS_ADDRESS': 'unix:path=/run/user/1000/bus', 'COLORTERM': 'truecolor', 'TERMINATOR_DBUS_NAME': 'net.tenshu.Terminator21a9d5db22c73a993ff0b42f64b396873', 'GIO_LAUNCHED_DESKTOP_FILE_PID': '14186', 'DEBUGINFOD_URLS': 'https://debuginfod.ubuntu.com', 'ROS_DISTRO': 'jazzy', 'LOGNAME': 'rakesh', 'JOURNAL_STREAM': '9:25688', '_': '/usr/bin/colcon', 'ROS_VERSION': '2', 'MEMORY_PRESSURE_WATCH': '/sys/fs/cgroup/user.slice/user-1000.slice/user@1000.service/session.slice/org.gnome.Shell@x11.service/memory.pressure', 'XDG_SESSION_CLASS': 'user', 'USERNAME': 'rakesh', 'TERM': 'xterm-256color', 'GAZEBO_MODEL_PATH': '/home/rakesh/go2_ws/src/go2_description:', 'GNOME_DESKTOP_SESSION_ID': 'this-is-deprecated', 'WINDOWPATH': '2', 'PATH': '/opt/ros/jazzy/opt/gz_msgs_vendor/bin:/opt/ros/jazzy/opt/gz_tools_vendor/bin:/opt/ros/jazzy/opt/gz_ogre_next_vendor/bin:/opt/ros/jazzy/bin:/opt/unitree_robotics/bin:/usr/local/sbin:/usr/local/bin:/usr/sbin:/usr/bin:/sbin:/bin:/usr/games:/usr/local/games:/snap/bin:/snap/bin', 'SESSION_MANAGER': 'local/rakesh-HP-Pavilion-Laptop-15-eh1xxx:@/tmp/.ICE-unix/2776,unix/rakesh-HP-Pavilion-Laptop-15-eh1xxx:/tmp/.ICE-unix/2776', 'INVOCATION_ID': '51a4733567f54ad4915497f590a411dc', 'XDG_MENU_PREFIX': 'gnome-', 'XDG_RUNTIME_DIR': '/run/user/1000', 'DISPLAY': ':0', 'TERMINATOR_DBUS_PATH': '/net/tenshu/Terminator2', 'LANG': 'en_US.UTF-8', 'XDG_CURRENT_DESKTOP': 'ubuntu:GNOME', 'XMODIFIERS': '@im=ibus', 'XDG_SESSION_DESKTOP': 'ubuntu-xorg', 'XAUTHORITY': '/run/user/1000/gdm/Xauthority', 'SSH_AUTH_SOCK': '/run/user/1000/keyring/ssh', 'AMENT_PREFIX_PATH': '/opt/ros/jazzy:', 'SHELL': '/bin/bash', 'IGN_GAZEBO_SYSTEM_PLUGIN_PATH': ':/home/rakesh/home/rakesh/gazebo_ros2_control', 'TERMINATOR_UUID': 'urn:uuid:256e2392-6220-4d4c-9a8e-43be3fb18f0c', 'QT_ACCESSIBILITY': '1', 'GDMSESSION': 'ubuntu-xorg', 'GPG_AGENT_INFO': '/run/user/1000/gnupg/S.gpg-agent:0:1', 'GJS_DEBUG_OUTPUT': 'stderr', 'ROS_AUTOMATIC_DISCOVERY_RANGE': 'SUBNET', 'QT_IM_MODULE': 'ibus', 'PWD': '/home/rakesh/go2_ws/build/realsense2_description', 'TURTLEBOT3_MODEL': 'waffle', 'LC_ALL': 'en_US.UTF-8', 'XDG_CONFIG_DIRS': '/etc/xdg/xdg-ubuntu-xorg:/etc/xdg', 'GAZEBO_PLUGIN_PATH': '/home/rakesh/home/rakesh/unitree_ros2/lib:/home/rakesh/home/rakesh/unitree_ros2/lib:/opt/ros/jazzy/lib:', 'XDG_DATA_DIRS': '/usr/share/ubuntu-xorg:/usr/share/gnome:/home/rakesh/.local/share/flatpak/exports/share:/var/lib/flatpak/exports/share:/usr/local/share/:/usr/share/:/var/lib/snapd/desktop', 'PYTHONPATH': '/opt/ros/jazzy/lib/python3.12/site-packages', 'COLCON': '1', 'MEMORY_PRESSURE_WRITE': 'c29tZSAyMDAwMDAgMjAwMDAwMAA=', 'VTE_VERSION': '7600', 'GZ_SIM_PHYSICS_ENGINE_PATH': '/usr/lib/x86_64-linux-gnu/gz-physics-6/engine-plugins', 'CMAKE_PREFIX_PATH': '/opt/ros/jazzy/opt/gz_sim_vendor:/opt/ros/jazzy/opt/gz_sensors_vendor:/opt/ros/jazzy/opt/gz_physics_vendor:/opt/ros/jazzy/opt/sdformat_vendor:/opt/ros/jazzy/opt/gz_gui_vendor:/opt/ros/jazzy/opt/gz_transport_vendor:/opt/ros/jazzy/opt/gz_rendering_vendor:/opt/ros/jazzy/opt/gz_plugin_vendor:/opt/ros/jazzy/opt/gz_fuel_tools_vendor:/opt/ros/jazzy/opt/gz_msgs_vendor:/opt/ros/jazzy/opt/gz_common_vendor:/opt/ros/jazzy/opt/gz_math_vendor:/opt/ros/jazzy/opt/gz_utils_vendor:/opt/ros/jazzy/opt/gz_tools_vendor:/opt/ros/jazzy/opt/gz_ogre_next_vendor:/opt/ros/jazzy/opt/gz_dartsim_vendor:/opt/ros/jazzy/opt/gz_cmake_vendor:/opt/ros/jazzy:'}), 'shell': False}
[1.303565] (-) TimerEvent: {}
[1.327914] (realsense2_description) CommandEnded: {'returncode': 0}
[1.328760] (realsense2_description) JobProgress: {'identifier': 'realsense2_description', 'progress': 'install'}
[1.346611] (realsense2_description) Command: {'cmd': ['/usr/bin/cmake', '--install', '/home/rakesh/go2_ws/build/realsense2_description'], 'cwd': '/home/rakesh/go2_ws/build/realsense2_description', 'env': OrderedDict({'GZ_SIM_SYSTEM_PLUGIN_PATH': ':/home/rakesh/opt/ros/jazzy/share/gz_ros2_control:/opt/ros/jazzy/share', 'GJS_DEBUG_TOPICS': 'JS ERROR;JS LOG', 'XDG_ACTIVATION_TOKEN': 'gnome-shell/Terminator/2807-15-rakesh-HP-Pavilion-Laptop-15-eh1xxx_TIME11314469', 'GZ_SIM_RESOURCE_PATH': '/opt/ros/jazzy/share::/path/to/your/textures', 'USER': 'rakesh', 'GZ_CONFIG_PATH': '/opt/ros/jazzy/opt/gz_sim_vendor/share/gz:/opt/ros/jazzy/opt/sdformat_vendor/share/gz:/opt/ros/jazzy/opt/gz_gui_vendor/share/gz:/opt/ros/jazzy/opt/gz_transport_vendor/share/gz:/opt/ros/jazzy/opt/gz_rendering_vendor/share/gz:/opt/ros/jazzy/opt/gz_plugin_vendor/share/gz:/opt/ros/jazzy/opt/gz_fuel_tools_vendor/share/gz:/opt/ros/jazzy/opt/gz_msgs_vendor/share/gz:/opt/ros/jazzy/opt/gz_common_vendor/share/gz', 'XDG_SESSION_TYPE': 'x11', 'CLUTTER_DISABLE_MIPMAPPED_TEXT': '1', 'SHLVL': '1', 'LD_LIBRARY_PATH': '/opt/ros/jazzy/opt/gz_sim_vendor/lib:/opt/ros/jazzy/opt/gz_sensors_vendor/lib:/opt/ros/jazzy/opt/gz_physics_vendor/lib:/opt/ros/jazzy/opt/sdformat_vendor/lib:/opt/ros/jazzy/opt/rviz_ogre_vendor/lib:/opt/ros/jazzy/lib/x86_64-linux-gnu:/opt/ros/jazzy/opt/gz_gui_vendor/lib:/opt/ros/jazzy/opt/gz_transport_vendor/lib:/opt/ros/jazzy/opt/gz_rendering_vendor/lib:/opt/ros/jazzy/opt/gz_plugin_vendor/lib:/opt/ros/jazzy/opt/gz_fuel_tools_vendor/lib:/opt/ros/jazzy/opt/gz_msgs_vendor/lib:/opt/ros/jazzy/opt/gz_common_vendor/lib:/opt/ros/jazzy/opt/gz_math_vendor/lib:/opt/ros/jazzy/opt/gz_utils_vendor/lib:/opt/ros/jazzy/opt/gz_tools_vendor/lib:/opt/ros/jazzy/opt/gz_ogre_next_vendor/lib:/opt/ros/jazzy/opt/gz_dartsim_vendor/lib:/opt/ros/jazzy/opt/gz_cmake_vendor/lib:/opt/ros/jazzy/lib:/opt/ros/jazzy/lib:/opt/unitree_robotics/lib:', 'HOME': '/home/rakesh', 'OLDPWD': '/home/rakesh', 'DESKTOP_SESSION': 'ubuntu-xorg', 'GIO_LAUNCHED_DESKTOP_FILE': '/usr/share/applications/terminator.desktop', 'ROS_PYTHON_VERSION': '3', 'GNOME_SHELL_SESSION_MODE': 'ubuntu', 'GTK_MODULES': 'gail:atk-bridge', 'MANAGERPID': '2411', 'SYSTEMD_EXEC_PID': '2807', 'GSM_SKIP_SSH_AGENT_WORKAROUND': 'true', 'DBUS_SESSION_BUS_ADDRESS': 'unix:path=/run/user/1000/bus', 'COLORTERM': 'truecolor', 'TERMINATOR_DBUS_NAME': 'net.tenshu.Terminator21a9d5db22c73a993ff0b42f64b396873', 'GIO_LAUNCHED_DESKTOP_FILE_PID': '14186', 'DEBUGINFOD_URLS': 'https://debuginfod.ubuntu.com', 'ROS_DISTRO': 'jazzy', 'LOGNAME': 'rakesh', 'JOURNAL_STREAM': '9:25688', '_': '/usr/bin/colcon', 'ROS_VERSION': '2', 'MEMORY_PRESSURE_WATCH': '/sys/fs/cgroup/user.slice/user-1000.slice/user@1000.service/session.slice/org.gnome.Shell@x11.service/memory.pressure', 'XDG_SESSION_CLASS': 'user', 'USERNAME': 'rakesh', 'TERM': 'xterm-256color', 'GAZEBO_MODEL_PATH': '/home/rakesh/go2_ws/src/go2_description:', 'GNOME_DESKTOP_SESSION_ID': 'this-is-deprecated', 'WINDOWPATH': '2', 'PATH': '/opt/ros/jazzy/opt/gz_msgs_vendor/bin:/opt/ros/jazzy/opt/gz_tools_vendor/bin:/opt/ros/jazzy/opt/gz_ogre_next_vendor/bin:/opt/ros/jazzy/bin:/opt/unitree_robotics/bin:/usr/local/sbin:/usr/local/bin:/usr/sbin:/usr/bin:/sbin:/bin:/usr/games:/usr/local/games:/snap/bin:/snap/bin', 'SESSION_MANAGER': 'local/rakesh-HP-Pavilion-Laptop-15-eh1xxx:@/tmp/.ICE-unix/2776,unix/rakesh-HP-Pavilion-Laptop-15-eh1xxx:/tmp/.ICE-unix/2776', 'INVOCATION_ID': '51a4733567f54ad4915497f590a411dc', 'XDG_MENU_PREFIX': 'gnome-', 'XDG_RUNTIME_DIR': '/run/user/1000', 'DISPLAY': ':0', 'TERMINATOR_DBUS_PATH': '/net/tenshu/Terminator2', 'LANG': 'en_US.UTF-8', 'XDG_CURRENT_DESKTOP': 'ubuntu:GNOME', 'XMODIFIERS': '@im=ibus', 'XDG_SESSION_DESKTOP': 'ubuntu-xorg', 'XAUTHORITY': '/run/user/1000/gdm/Xauthority', 'SSH_AUTH_SOCK': '/run/user/1000/keyring/ssh', 'AMENT_PREFIX_PATH': '/opt/ros/jazzy:', 'SHELL': '/bin/bash', 'IGN_GAZEBO_SYSTEM_PLUGIN_PATH': ':/home/rakesh/home/rakesh/gazebo_ros2_control', 'TERMINATOR_UUID': 'urn:uuid:256e2392-6220-4d4c-9a8e-43be3fb18f0c', 'QT_ACCESSIBILITY': '1', 'GDMSESSION': 'ubuntu-xorg', 'GPG_AGENT_INFO': '/run/user/1000/gnupg/S.gpg-agent:0:1', 'GJS_DEBUG_OUTPUT': 'stderr', 'ROS_AUTOMATIC_DISCOVERY_RANGE': 'SUBNET', 'QT_IM_MODULE': 'ibus', 'PWD': '/home/rakesh/go2_ws/build/realsense2_description', 'TURTLEBOT3_MODEL': 'waffle', 'LC_ALL': 'en_US.UTF-8', 'XDG_CONFIG_DIRS': '/etc/xdg/xdg-ubuntu-xorg:/etc/xdg', 'GAZEBO_PLUGIN_PATH': '/home/rakesh/home/rakesh/unitree_ros2/lib:/home/rakesh/home/rakesh/unitree_ros2/lib:/opt/ros/jazzy/lib:', 'XDG_DATA_DIRS': '/usr/share/ubuntu-xorg:/usr/share/gnome:/home/rakesh/.local/share/flatpak/exports/share:/var/lib/flatpak/exports/share:/usr/local/share/:/usr/share/:/var/lib/snapd/desktop', 'PYTHONPATH': '/opt/ros/jazzy/lib/python3.12/site-packages', 'COLCON': '1', 'MEMORY_PRESSURE_WRITE': 'c29tZSAyMDAwMDAgMjAwMDAwMAA=', 'VTE_VERSION': '7600', 'GZ_SIM_PHYSICS_ENGINE_PATH': '/usr/lib/x86_64-linux-gnu/gz-physics-6/engine-plugins', 'CMAKE_PREFIX_PATH': '/opt/ros/jazzy/opt/gz_sim_vendor:/opt/ros/jazzy/opt/gz_sensors_vendor:/opt/ros/jazzy/opt/gz_physics_vendor:/opt/ros/jazzy/opt/sdformat_vendor:/opt/ros/jazzy/opt/gz_gui_vendor:/opt/ros/jazzy/opt/gz_transport_vendor:/opt/ros/jazzy/opt/gz_rendering_vendor:/opt/ros/jazzy/opt/gz_plugin_vendor:/opt/ros/jazzy/opt/gz_fuel_tools_vendor:/opt/ros/jazzy/opt/gz_msgs_vendor:/opt/ros/jazzy/opt/gz_common_vendor:/opt/ros/jazzy/opt/gz_math_vendor:/opt/ros/jazzy/opt/gz_utils_vendor:/opt/ros/jazzy/opt/gz_tools_vendor:/opt/ros/jazzy/opt/gz_ogre_next_vendor:/opt/ros/jazzy/opt/gz_dartsim_vendor:/opt/ros/jazzy/opt/gz_cmake_vendor:/opt/ros/jazzy:'}), 'shell': False}
[1.362086] (realsense2_description) StdoutLine: {'line': b'-- Install configuration: ""\n'}
[1.362713] (realsense2_description) StdoutLine: {'line': b'-- Installing: /home/rakesh/go2_ws/install/realsense2_description/share/realsense2_description/launch\n'}
[1.362928] (realsense2_description) StdoutLine: {'line': b'-- Installing: /home/rakesh/go2_ws/install/realsense2_description/share/realsense2_description/launch/view_model.launch.py\n'}
[1.364964] (realsense2_description) StdoutLine: {'line': b'-- Installing: /home/rakesh/go2_ws/install/realsense2_description/share/realsense2_description/launch/launch_utils.py\n'}
[1.365747] (realsense2_description) StdoutLine: {'line': b'-- Installing: /home/rakesh/go2_ws/install/realsense2_description/share/realsense2_description/meshes\n'}
[1.365904] (realsense2_description) StdoutLine: {'line': b'-- Installing: /home/rakesh/go2_ws/install/realsense2_description/share/realsense2_description/meshes/d455.stl\n'}
[1.371456] (realsense2_description) StdoutLine: {'line': b'-- Installing: /home/rakesh/go2_ws/install/realsense2_description/share/realsense2_description/meshes/dae_new.dae\n'}
[1.403366] (-) TimerEvent: {}
[1.416795] (realsense2_description) StdoutLine: {'line': b'-- Installing: /home/rakesh/go2_ws/install/realsense2_description/share/realsense2_description/meshes/plug_collision.stl\n'}
[1.417349] (realsense2_description) StdoutLine: {'line': b'-- Installing: /home/rakesh/go2_ws/install/realsense2_description/share/realsense2_description/meshes/l515.dae\n'}
[1.493004] (realsense2_description) StdoutLine: {'line': b'-- Installing: /home/rakesh/go2_ws/install/realsense2_description/share/realsense2_description/meshes/d415.stl\n'}
[1.503602] (-) TimerEvent: {}
[1.537046] (realsense2_description) StdoutLine: {'line': b'-- Installing: /home/rakesh/go2_ws/install/realsense2_description/share/realsense2_description/meshes/d435.dae\n'}
[1.573415] (realsense2_description) StdoutLine: {'line': b'-- Installing: /home/rakesh/go2_ws/install/realsense2_description/share/realsense2_description/meshes/plug.stl\n'}
[1.574487] (realsense2_description) StdoutLine: {'line': b'-- Installing: /home/rakesh/go2_ws/install/realsense2_description/share/realsense2_description/meshes/d405.stl\n'}
[1.575296] (realsense2_description) StdoutLine: {'line': b'-- Installing: /home/rakesh/go2_ws/install/realsense2_description/share/realsense2_description/rviz\n'}
[1.575426] (realsense2_description) StdoutLine: {'line': b'-- Installing: /home/rakesh/go2_ws/install/realsense2_description/share/realsense2_description/rviz/urdf.rviz\n'}
[1.575643] (realsense2_description) StdoutLine: {'line': b'-- Installing: /home/rakesh/go2_ws/install/realsense2_description/share/realsense2_description/urdf\n'}
[1.575770] (realsense2_description) StdoutLine: {'line': b'-- Installing: /home/rakesh/go2_ws/install/realsense2_description/share/realsense2_description/urdf/_d455.urdf.xacro\n'}
[1.576101] (realsense2_description) StdoutLine: {'line': b'-- Installing: /home/rakesh/go2_ws/install/realsense2_description/share/realsense2_description/urdf/test_d435_camera.urdf.xacro\n'}
[1.576323] (realsense2_description) StdoutLine: {'line': b'-- Installing: /home/rakesh/go2_ws/install/realsense2_description/share/realsense2_description/urdf/_d435i.urdf.xacro\n'}
[1.576520] (realsense2_description) StdoutLine: {'line': b'-- Installing: /home/rakesh/go2_ws/install/realsense2_description/share/realsense2_description/urdf/test_d405_camera.urdf.xacro\n'}
[1.576740] (realsense2_description) StdoutLine: {'line': b'-- Installing: /home/rakesh/go2_ws/install/realsense2_description/share/realsense2_description/urdf/test_d415_camera.urdf.xacro\n'}
[1.577041] (realsense2_description) StdoutLine: {'line': b'-- Installing: /home/rakesh/go2_ws/install/realsense2_description/share/realsense2_description/urdf/_usb_plug.urdf.xacro\n'}
[1.577231] (realsense2_description) StdoutLine: {'line': b'-- Installing: /home/rakesh/go2_ws/install/realsense2_description/share/realsense2_description/urdf/_d405.urdf.xacro\n'}
[1.577470] (realsense2_description) StdoutLine: {'line': b'-- Installing: /home/rakesh/go2_ws/install/realsense2_description/share/realsense2_description/urdf/test_d455_camera.urdf.xacro\n'}
[1.577698] (realsense2_description) StdoutLine: {'line': b'-- Installing: /home/rakesh/go2_ws/install/realsense2_description/share/realsense2_description/urdf/_r430.urdf.xacro\n'}
[1.577927] (realsense2_description) StdoutLine: {'line': b'-- Installing: /home/rakesh/go2_ws/install/realsense2_description/share/realsense2_description/urdf/test_d435i_camera.urdf.xacro\n'}
[1.578203] (realsense2_description) StdoutLine: {'line': b'-- Installing: /home/rakesh/go2_ws/install/realsense2_description/share/realsense2_description/urdf/test_r430_camera.urdf.xacro\n'}
[1.578456] (realsense2_description) StdoutLine: {'line': b'-- Installing: /home/rakesh/go2_ws/install/realsense2_description/share/realsense2_description/urdf/test_r410_camera.urdf.xacro\n'}
[1.578721] (realsense2_description) StdoutLine: {'line': b'-- Installing: /home/rakesh/go2_ws/install/realsense2_description/share/realsense2_description/urdf/_d435i_imu_modules.urdf.xacro\n'}
[1.578924] (realsense2_description) StdoutLine: {'line': b'-- Installing: /home/rakesh/go2_ws/install/realsense2_description/share/realsense2_description/urdf/test_d435_multiple_cameras.urdf.xacro\n'}
[1.579139] (realsense2_description) StdoutLine: {'line': b'-- Installing: /home/rakesh/go2_ws/install/realsense2_description/share/realsense2_description/urdf/_d435.urdf.xacro\n'}
[1.579404] (realsense2_description) StdoutLine: {'line': b'-- Installing: /home/rakesh/go2_ws/install/realsense2_description/share/realsense2_description/urdf/_d415.urdf.xacro\n'}
[1.579631] (realsense2_description) StdoutLine: {'line': b'-- Installing: /home/rakesh/go2_ws/install/realsense2_description/share/realsense2_description/urdf/_r410.urdf.xacro\n'}
[1.579843] (realsense2_description) StdoutLine: {'line': b'-- Installing: /home/rakesh/go2_ws/install/realsense2_description/share/realsense2_description/urdf/_materials.urdf.xacro\n'}
[1.580414] (realsense2_description) StdoutLine: {'line': b'-- Installing: /home/rakesh/go2_ws/install/realsense2_description/share/ament_index/resource_index/package_run_dependencies/realsense2_description\n'}
[1.580802] (realsense2_description) StdoutLine: {'line': b'-- Installing: /home/rakesh/go2_ws/install/realsense2_description/share/ament_index/resource_index/parent_prefix_path/realsense2_description\n'}
[1.581245] (realsense2_description) StdoutLine: {'line': b'-- Installing: /home/rakesh/go2_ws/install/realsense2_description/share/realsense2_description/environment/ament_prefix_path.sh\n'}
[1.581620] (realsense2_description) StdoutLine: {'line': b'-- Installing: /home/rakesh/go2_ws/install/realsense2_description/share/realsense2_description/environment/ament_prefix_path.dsv\n'}
[1.581920] (realsense2_description) StdoutLine: {'line': b'-- Installing: /home/rakesh/go2_ws/install/realsense2_description/share/realsense2_description/environment/path.sh\n'}
[1.582190] (realsense2_description) StdoutLine: {'line': b'-- Installing: /home/rakesh/go2_ws/install/realsense2_description/share/realsense2_description/environment/path.dsv\n'}
[1.582492] (realsense2_description) StdoutLine: {'line': b'-- Installing: /home/rakesh/go2_ws/install/realsense2_description/share/realsense2_description/local_setup.bash\n'}
[1.582822] (realsense2_description) StdoutLine: {'line': b'-- Installing: /home/rakesh/go2_ws/install/realsense2_description/share/realsense2_description/local_setup.sh\n'}
[1.583045] (realsense2_description) StdoutLine: {'line': b'-- Installing: /home/rakesh/go2_ws/install/realsense2_description/share/realsense2_description/local_setup.zsh\n'}
[1.583306] (realsense2_description) StdoutLine: {'line': b'-- Installing: /home/rakesh/go2_ws/install/realsense2_description/share/realsense2_description/local_setup.dsv\n'}
[1.583692] (realsense2_description) StdoutLine: {'line': b'-- Installing: /home/rakesh/go2_ws/install/realsense2_description/share/realsense2_description/package.dsv\n'}
[1.584036] (realsense2_description) StdoutLine: {'line': b'-- Installing: /home/rakesh/go2_ws/install/realsense2_description/share/ament_index/resource_index/packages/realsense2_description\n'}
[1.584595] (realsense2_description) StdoutLine: {'line': b'-- Installing: /home/rakesh/go2_ws/install/realsense2_description/share/realsense2_description/cmake/realsense2_descriptionConfig.cmake\n'}
[1.584854] (realsense2_description) StdoutLine: {'line': b'-- Installing: /home/rakesh/go2_ws/install/realsense2_description/share/realsense2_description/cmake/realsense2_descriptionConfig-version.cmake\n'}
[1.585028] (realsense2_description) StdoutLine: {'line': b'-- Installing: /home/rakesh/go2_ws/install/realsense2_description/share/realsense2_description/package.xml\n'}
[1.588599] (realsense2_description) CommandEnded: {'returncode': 0}
[1.603761] (-) TimerEvent: {}
[1.624119] (realsense2_description) JobEnded: {'identifier': 'realsense2_description', 'rc': 0}
[1.624760] (go2_description) JobStarted: {'identifier': 'go2_description'}
[1.660293] (go2_description) JobProgress: {'identifier': 'go2_description', 'progress': 'cmake'}
[1.661100] (go2_description) Command: {'cmd': ['/usr/bin/cmake', '/home/rakesh/go2_ws/src/go2_description', '-DCMAKE_INSTALL_PREFIX=/home/rakesh/go2_ws/install/go2_description'], 'cwd': '/home/rakesh/go2_ws/build/go2_description', 'env': OrderedDict({'GZ_SIM_SYSTEM_PLUGIN_PATH': ':/home/rakesh/opt/ros/jazzy/share/gz_ros2_control:/opt/ros/jazzy/share', 'GJS_DEBUG_TOPICS': 'JS ERROR;JS LOG', 'XDG_ACTIVATION_TOKEN': 'gnome-shell/Terminator/2807-15-rakesh-HP-Pavilion-Laptop-15-eh1xxx_TIME11314469', 'GZ_SIM_RESOURCE_PATH': '/opt/ros/jazzy/share::/path/to/your/textures', 'USER': 'rakesh', 'GZ_CONFIG_PATH': '/opt/ros/jazzy/opt/gz_sim_vendor/share/gz:/opt/ros/jazzy/opt/sdformat_vendor/share/gz:/opt/ros/jazzy/opt/gz_gui_vendor/share/gz:/opt/ros/jazzy/opt/gz_transport_vendor/share/gz:/opt/ros/jazzy/opt/gz_rendering_vendor/share/gz:/opt/ros/jazzy/opt/gz_plugin_vendor/share/gz:/opt/ros/jazzy/opt/gz_fuel_tools_vendor/share/gz:/opt/ros/jazzy/opt/gz_msgs_vendor/share/gz:/opt/ros/jazzy/opt/gz_common_vendor/share/gz', 'XDG_SESSION_TYPE': 'x11', 'CLUTTER_DISABLE_MIPMAPPED_TEXT': '1', 'SHLVL': '1', 'LD_LIBRARY_PATH': '/opt/ros/jazzy/opt/gz_sim_vendor/lib:/opt/ros/jazzy/opt/gz_sensors_vendor/lib:/opt/ros/jazzy/opt/gz_physics_vendor/lib:/opt/ros/jazzy/opt/sdformat_vendor/lib:/opt/ros/jazzy/opt/rviz_ogre_vendor/lib:/opt/ros/jazzy/lib/x86_64-linux-gnu:/opt/ros/jazzy/opt/gz_gui_vendor/lib:/opt/ros/jazzy/opt/gz_transport_vendor/lib:/opt/ros/jazzy/opt/gz_rendering_vendor/lib:/opt/ros/jazzy/opt/gz_plugin_vendor/lib:/opt/ros/jazzy/opt/gz_fuel_tools_vendor/lib:/opt/ros/jazzy/opt/gz_msgs_vendor/lib:/opt/ros/jazzy/opt/gz_common_vendor/lib:/opt/ros/jazzy/opt/gz_math_vendor/lib:/opt/ros/jazzy/opt/gz_utils_vendor/lib:/opt/ros/jazzy/opt/gz_tools_vendor/lib:/opt/ros/jazzy/opt/gz_ogre_next_vendor/lib:/opt/ros/jazzy/opt/gz_dartsim_vendor/lib:/opt/ros/jazzy/opt/gz_cmake_vendor/lib:/opt/ros/jazzy/lib:/opt/ros/jazzy/lib:/opt/unitree_robotics/lib:', 'HOME': '/home/rakesh', 'OLDPWD': '/home/rakesh', 'DESKTOP_SESSION': 'ubuntu-xorg', 'GIO_LAUNCHED_DESKTOP_FILE': '/usr/share/applications/terminator.desktop', 'ROS_PYTHON_VERSION': '3', 'GNOME_SHELL_SESSION_MODE': 'ubuntu', 'GTK_MODULES': 'gail:atk-bridge', 'MANAGERPID': '2411', 'SYSTEMD_EXEC_PID': '2807', 'GSM_SKIP_SSH_AGENT_WORKAROUND': 'true', 'DBUS_SESSION_BUS_ADDRESS': 'unix:path=/run/user/1000/bus', 'COLORTERM': 'truecolor', 'TERMINATOR_DBUS_NAME': 'net.tenshu.Terminator21a9d5db22c73a993ff0b42f64b396873', 'GIO_LAUNCHED_DESKTOP_FILE_PID': '14186', 'DEBUGINFOD_URLS': 'https://debuginfod.ubuntu.com', 'ROS_DISTRO': 'jazzy', 'LOGNAME': 'rakesh', 'JOURNAL_STREAM': '9:25688', '_': '/usr/bin/colcon', 'ROS_VERSION': '2', 'MEMORY_PRESSURE_WATCH': '/sys/fs/cgroup/user.slice/user-1000.slice/user@1000.service/session.slice/org.gnome.Shell@x11.service/memory.pressure', 'XDG_SESSION_CLASS': 'user', 'USERNAME': 'rakesh', 'TERM': 'xterm-256color', 'GAZEBO_MODEL_PATH': '/home/rakesh/go2_ws/src/go2_description:', 'GNOME_DESKTOP_SESSION_ID': 'this-is-deprecated', 'WINDOWPATH': '2', 'PATH': '/opt/ros/jazzy/opt/gz_msgs_vendor/bin:/opt/ros/jazzy/opt/gz_tools_vendor/bin:/opt/ros/jazzy/opt/gz_ogre_next_vendor/bin:/opt/ros/jazzy/bin:/opt/unitree_robotics/bin:/usr/local/sbin:/usr/local/bin:/usr/sbin:/usr/bin:/sbin:/bin:/usr/games:/usr/local/games:/snap/bin:/snap/bin', 'SESSION_MANAGER': 'local/rakesh-HP-Pavilion-Laptop-15-eh1xxx:@/tmp/.ICE-unix/2776,unix/rakesh-HP-Pavilion-Laptop-15-eh1xxx:/tmp/.ICE-unix/2776', 'INVOCATION_ID': '51a4733567f54ad4915497f590a411dc', 'XDG_MENU_PREFIX': 'gnome-', 'XDG_RUNTIME_DIR': '/run/user/1000', 'DISPLAY': ':0', 'TERMINATOR_DBUS_PATH': '/net/tenshu/Terminator2', 'LANG': 'en_US.UTF-8', 'XDG_CURRENT_DESKTOP': 'ubuntu:GNOME', 'XMODIFIERS': '@im=ibus', 'XDG_SESSION_DESKTOP': 'ubuntu-xorg', 'XAUTHORITY': '/run/user/1000/gdm/Xauthority', 'SSH_AUTH_SOCK': '/run/user/1000/keyring/ssh', 'AMENT_PREFIX_PATH': '/home/rakesh/go2_ws/install/realsense2_description:/opt/ros/jazzy:', 'SHELL': '/bin/bash', 'IGN_GAZEBO_SYSTEM_PLUGIN_PATH': ':/home/rakesh/home/rakesh/gazebo_ros2_control', 'TERMINATOR_UUID': 'urn:uuid:256e2392-6220-4d4c-9a8e-43be3fb18f0c', 'QT_ACCESSIBILITY': '1', 'GDMSESSION': 'ubuntu-xorg', 'GPG_AGENT_INFO': '/run/user/1000/gnupg/S.gpg-agent:0:1', 'GJS_DEBUG_OUTPUT': 'stderr', 'ROS_AUTOMATIC_DISCOVERY_RANGE': 'SUBNET', 'QT_IM_MODULE': 'ibus', 'PWD': '/home/rakesh/go2_ws/build/go2_description', 'TURTLEBOT3_MODEL': 'waffle', 'LC_ALL': 'en_US.UTF-8', 'XDG_CONFIG_DIRS': '/etc/xdg/xdg-ubuntu-xorg:/etc/xdg', 'GAZEBO_PLUGIN_PATH': '/home/rakesh/home/rakesh/unitree_ros2/lib:/home/rakesh/home/rakesh/unitree_ros2/lib:/opt/ros/jazzy/lib:', 'XDG_DATA_DIRS': '/usr/share/ubuntu-xorg:/usr/share/gnome:/home/rakesh/.local/share/flatpak/exports/share:/var/lib/flatpak/exports/share:/usr/local/share/:/usr/share/:/var/lib/snapd/desktop', 'PYTHONPATH': '/opt/ros/jazzy/lib/python3.12/site-packages', 'COLCON': '1', 'MEMORY_PRESSURE_WRITE': 'c29tZSAyMDAwMDAgMjAwMDAwMAA=', 'VTE_VERSION': '7600', 'GZ_SIM_PHYSICS_ENGINE_PATH': '/usr/lib/x86_64-linux-gnu/gz-physics-6/engine-plugins', 'CMAKE_PREFIX_PATH': '/home/rakesh/go2_ws/install/realsense2_description:/opt/ros/jazzy/opt/gz_sim_vendor:/opt/ros/jazzy/opt/gz_sensors_vendor:/opt/ros/jazzy/opt/gz_physics_vendor:/opt/ros/jazzy/opt/sdformat_vendor:/opt/ros/jazzy/opt/gz_gui_vendor:/opt/ros/jazzy/opt/gz_transport_vendor:/opt/ros/jazzy/opt/gz_rendering_vendor:/opt/ros/jazzy/opt/gz_plugin_vendor:/opt/ros/jazzy/opt/gz_fuel_tools_vendor:/opt/ros/jazzy/opt/gz_msgs_vendor:/opt/ros/jazzy/opt/gz_common_vendor:/opt/ros/jazzy/opt/gz_math_vendor:/opt/ros/jazzy/opt/gz_utils_vendor:/opt/ros/jazzy/opt/gz_tools_vendor:/opt/ros/jazzy/opt/gz_ogre_next_vendor:/opt/ros/jazzy/opt/gz_dartsim_vendor:/opt/ros/jazzy/opt/gz_cmake_vendor:/opt/ros/jazzy:'}), 'shell': False}
[1.703916] (-) TimerEvent: {}
[1.756305] (go2_description) StdoutLine: {'line': b'-- The C compiler identification is GNU 13.3.0\n'}
[1.804031] (-) TimerEvent: {}
[1.846937] (go2_description) StdoutLine: {'line': b'-- The CXX compiler identification is GNU 13.3.0\n'}
[1.874844] (go2_description) StdoutLine: {'line': b'-- Detecting C compiler ABI info\n'}
[1.904183] (-) TimerEvent: {}
[2.004560] (-) TimerEvent: {}
[2.037284] (go2_description) StdoutLine: {'line': b'-- Detecting C compiler ABI info - done\n'}
[2.050935] (go2_description) StdoutLine: {'line': b'-- Check for working C compiler: /usr/bin/cc - skipped\n'}
[2.051280] (go2_description) StdoutLine: {'line': b'-- Detecting C compile features\n'}
[2.051862] (go2_description) StdoutLine: {'line': b'-- Detecting C compile features - done\n'}
[2.069749] (go2_description) StdoutLine: {'line': b'-- Detecting CXX compiler ABI info\n'}
[2.104648] (-) TimerEvent: {}
[2.204946] (-) TimerEvent: {}
[2.257822] (go2_description) StdoutLine: {'line': b'-- Detecting CXX compiler ABI info - done\n'}
[2.271956] (go2_description) StdoutLine: {'line': b'-- Check for working CXX compiler: /usr/bin/c++ - skipped\n'}
[2.272257] (go2_description) StdoutLine: {'line': b'-- Detecting CXX compile features\n'}
[2.272938] (go2_description) StdoutLine: {'line': b'-- Detecting CXX compile features - done\n'}
[2.280225] (go2_description) StdoutLine: {'line': b'-- Found ament_cmake: 2.5.4 (/opt/ros/jazzy/share/ament_cmake/cmake)\n'}
[2.305059] (-) TimerEvent: {}
[2.405372] (-) TimerEvent: {}
[2.505718] (-) TimerEvent: {}
[2.540312] (go2_description) StdoutLine: {'line': b'-- Found Python3: /usr/bin/python3 (found version "3.12.3") found components: Interpreter \n'}
[2.605834] (-) TimerEvent: {}
[2.706152] (-) TimerEvent: {}
[2.774050] (go2_description) StdoutLine: {'line': b'-- Found realsense2_description: 4.56.4 (/home/rakesh/go2_ws/install/realsense2_description/share/realsense2_description/cmake)\n'}
[2.779279] (go2_description) StdoutLine: {'line': b'-- Found xacro: 2.1.1 (/opt/ros/jazzy/share/xacro/cmake)\n'}
[2.806240] (-) TimerEvent: {}
[2.906603] (-) TimerEvent: {}
[2.917074] (go2_description) StdoutLine: {'line': b'-- Configuring done (1.2s)\n'}
[2.921910] (go2_description) StdoutLine: {'line': b'-- Generating done (0.0s)\n'}
[2.925072] (go2_description) StdoutLine: {'line': b'-- Build files have been written to: /home/rakesh/go2_ws/build/go2_description\n'}
[2.936129] (go2_description) CommandEnded: {'returncode': 0}
[2.937142] (go2_description) JobProgress: {'identifier': 'go2_description', 'progress': 'build'}
[2.937856] (go2_description) Command: {'cmd': ['/usr/bin/cmake', '--build', '/home/rakesh/go2_ws/build/go2_description', '--', '-j12', '-l12'], 'cwd': '/home/rakesh/go2_ws/build/go2_description', 'env': OrderedDict({'GZ_SIM_SYSTEM_PLUGIN_PATH': ':/home/rakesh/opt/ros/jazzy/share/gz_ros2_control:/opt/ros/jazzy/share', 'GJS_DEBUG_TOPICS': 'JS ERROR;JS LOG', 'XDG_ACTIVATION_TOKEN': 'gnome-shell/Terminator/2807-15-rakesh-HP-Pavilion-Laptop-15-eh1xxx_TIME11314469', 'GZ_SIM_RESOURCE_PATH': '/opt/ros/jazzy/share::/path/to/your/textures', 'USER': 'rakesh', 'GZ_CONFIG_PATH': '/opt/ros/jazzy/opt/gz_sim_vendor/share/gz:/opt/ros/jazzy/opt/sdformat_vendor/share/gz:/opt/ros/jazzy/opt/gz_gui_vendor/share/gz:/opt/ros/jazzy/opt/gz_transport_vendor/share/gz:/opt/ros/jazzy/opt/gz_rendering_vendor/share/gz:/opt/ros/jazzy/opt/gz_plugin_vendor/share/gz:/opt/ros/jazzy/opt/gz_fuel_tools_vendor/share/gz:/opt/ros/jazzy/opt/gz_msgs_vendor/share/gz:/opt/ros/jazzy/opt/gz_common_vendor/share/gz', 'XDG_SESSION_TYPE': 'x11', 'CLUTTER_DISABLE_MIPMAPPED_TEXT': '1', 'SHLVL': '1', 'LD_LIBRARY_PATH': '/opt/ros/jazzy/opt/gz_sim_vendor/lib:/opt/ros/jazzy/opt/gz_sensors_vendor/lib:/opt/ros/jazzy/opt/gz_physics_vendor/lib:/opt/ros/jazzy/opt/sdformat_vendor/lib:/opt/ros/jazzy/opt/rviz_ogre_vendor/lib:/opt/ros/jazzy/lib/x86_64-linux-gnu:/opt/ros/jazzy/opt/gz_gui_vendor/lib:/opt/ros/jazzy/opt/gz_transport_vendor/lib:/opt/ros/jazzy/opt/gz_rendering_vendor/lib:/opt/ros/jazzy/opt/gz_plugin_vendor/lib:/opt/ros/jazzy/opt/gz_fuel_tools_vendor/lib:/opt/ros/jazzy/opt/gz_msgs_vendor/lib:/opt/ros/jazzy/opt/gz_common_vendor/lib:/opt/ros/jazzy/opt/gz_math_vendor/lib:/opt/ros/jazzy/opt/gz_utils_vendor/lib:/opt/ros/jazzy/opt/gz_tools_vendor/lib:/opt/ros/jazzy/opt/gz_ogre_next_vendor/lib:/opt/ros/jazzy/opt/gz_dartsim_vendor/lib:/opt/ros/jazzy/opt/gz_cmake_vendor/lib:/opt/ros/jazzy/lib:/opt/ros/jazzy/lib:/opt/unitree_robotics/lib:', 'HOME': '/home/rakesh', 'OLDPWD': '/home/rakesh', 'DESKTOP_SESSION': 'ubuntu-xorg', 'GIO_LAUNCHED_DESKTOP_FILE': '/usr/share/applications/terminator.desktop', 'ROS_PYTHON_VERSION': '3', 'GNOME_SHELL_SESSION_MODE': 'ubuntu', 'GTK_MODULES': 'gail:atk-bridge', 'MANAGERPID': '2411', 'SYSTEMD_EXEC_PID': '2807', 'GSM_SKIP_SSH_AGENT_WORKAROUND': 'true', 'DBUS_SESSION_BUS_ADDRESS': 'unix:path=/run/user/1000/bus', 'COLORTERM': 'truecolor', 'TERMINATOR_DBUS_NAME': 'net.tenshu.Terminator21a9d5db22c73a993ff0b42f64b396873', 'GIO_LAUNCHED_DESKTOP_FILE_PID': '14186', 'DEBUGINFOD_URLS': 'https://debuginfod.ubuntu.com', 'ROS_DISTRO': 'jazzy', 'LOGNAME': 'rakesh', 'JOURNAL_STREAM': '9:25688', '_': '/usr/bin/colcon', 'ROS_VERSION': '2', 'MEMORY_PRESSURE_WATCH': '/sys/fs/cgroup/user.slice/user-1000.slice/user@1000.service/session.slice/org.gnome.Shell@x11.service/memory.pressure', 'XDG_SESSION_CLASS': 'user', 'USERNAME': 'rakesh', 'TERM': 'xterm-256color', 'GAZEBO_MODEL_PATH': '/home/rakesh/go2_ws/src/go2_description:', 'GNOME_DESKTOP_SESSION_ID': 'this-is-deprecated', 'WINDOWPATH': '2', 'PATH': '/opt/ros/jazzy/opt/gz_msgs_vendor/bin:/opt/ros/jazzy/opt/gz_tools_vendor/bin:/opt/ros/jazzy/opt/gz_ogre_next_vendor/bin:/opt/ros/jazzy/bin:/opt/unitree_robotics/bin:/usr/local/sbin:/usr/local/bin:/usr/sbin:/usr/bin:/sbin:/bin:/usr/games:/usr/local/games:/snap/bin:/snap/bin', 'SESSION_MANAGER': 'local/rakesh-HP-Pavilion-Laptop-15-eh1xxx:@/tmp/.ICE-unix/2776,unix/rakesh-HP-Pavilion-Laptop-15-eh1xxx:/tmp/.ICE-unix/2776', 'INVOCATION_ID': '51a4733567f54ad4915497f590a411dc', 'XDG_MENU_PREFIX': 'gnome-', 'XDG_RUNTIME_DIR': '/run/user/1000', 'DISPLAY': ':0', 'TERMINATOR_DBUS_PATH': '/net/tenshu/Terminator2', 'LANG': 'en_US.UTF-8', 'XDG_CURRENT_DESKTOP': 'ubuntu:GNOME', 'XMODIFIERS': '@im=ibus', 'XDG_SESSION_DESKTOP': 'ubuntu-xorg', 'XAUTHORITY': '/run/user/1000/gdm/Xauthority', 'SSH_AUTH_SOCK': '/run/user/1000/keyring/ssh', 'AMENT_PREFIX_PATH': '/home/rakesh/go2_ws/install/realsense2_description:/opt/ros/jazzy:', 'SHELL': '/bin/bash', 'IGN_GAZEBO_SYSTEM_PLUGIN_PATH': ':/home/rakesh/home/rakesh/gazebo_ros2_control', 'TERMINATOR_UUID': 'urn:uuid:256e2392-6220-4d4c-9a8e-43be3fb18f0c', 'QT_ACCESSIBILITY': '1', 'GDMSESSION': 'ubuntu-xorg', 'GPG_AGENT_INFO': '/run/user/1000/gnupg/S.gpg-agent:0:1', 'GJS_DEBUG_OUTPUT': 'stderr', 'ROS_AUTOMATIC_DISCOVERY_RANGE': 'SUBNET', 'QT_IM_MODULE': 'ibus', 'PWD': '/home/rakesh/go2_ws/build/go2_description', 'TURTLEBOT3_MODEL': 'waffle', 'LC_ALL': 'en_US.UTF-8', 'XDG_CONFIG_DIRS': '/etc/xdg/xdg-ubuntu-xorg:/etc/xdg', 'GAZEBO_PLUGIN_PATH': '/home/rakesh/home/rakesh/unitree_ros2/lib:/home/rakesh/home/rakesh/unitree_ros2/lib:/opt/ros/jazzy/lib:', 'XDG_DATA_DIRS': '/usr/share/ubuntu-xorg:/usr/share/gnome:/home/rakesh/.local/share/flatpak/exports/share:/var/lib/flatpak/exports/share:/usr/local/share/:/usr/share/:/var/lib/snapd/desktop', 'PYTHONPATH': '/opt/ros/jazzy/lib/python3.12/site-packages', 'COLCON': '1', 'MEMORY_PRESSURE_WRITE': 'c29tZSAyMDAwMDAgMjAwMDAwMAA=', 'VTE_VERSION': '7600', 'GZ_SIM_PHYSICS_ENGINE_PATH': '/usr/lib/x86_64-linux-gnu/gz-physics-6/engine-plugins', 'CMAKE_PREFIX_PATH': '/home/rakesh/go2_ws/install/realsense2_description:/opt/ros/jazzy/opt/gz_sim_vendor:/opt/ros/jazzy/opt/gz_sensors_vendor:/opt/ros/jazzy/opt/gz_physics_vendor:/opt/ros/jazzy/opt/sdformat_vendor:/opt/ros/jazzy/opt/gz_gui_vendor:/opt/ros/jazzy/opt/gz_transport_vendor:/opt/ros/jazzy/opt/gz_rendering_vendor:/opt/ros/jazzy/opt/gz_plugin_vendor:/opt/ros/jazzy/opt/gz_fuel_tools_vendor:/opt/ros/jazzy/opt/gz_msgs_vendor:/opt/ros/jazzy/opt/gz_common_vendor:/opt/ros/jazzy/opt/gz_math_vendor:/opt/ros/jazzy/opt/gz_utils_vendor:/opt/ros/jazzy/opt/gz_tools_vendor:/opt/ros/jazzy/opt/gz_ogre_next_vendor:/opt/ros/jazzy/opt/gz_dartsim_vendor:/opt/ros/jazzy/opt/gz_cmake_vendor:/opt/ros/jazzy:'}), 'shell': False}
[3.006653] (-) TimerEvent: {}
[3.013090] (go2_description) CommandEnded: {'returncode': 0}
[3.014244] (go2_description) JobProgress: {'identifier': 'go2_description', 'progress': 'install'}
[3.014483] (go2_description) Command: {'cmd': ['/usr/bin/cmake', '--install', '/home/rakesh/go2_ws/build/go2_description'], 'cwd': '/home/rakesh/go2_ws/build/go2_description', 'env': OrderedDict({'GZ_SIM_SYSTEM_PLUGIN_PATH': ':/home/rakesh/opt/ros/jazzy/share/gz_ros2_control:/opt/ros/jazzy/share', 'GJS_DEBUG_TOPICS': 'JS ERROR;JS LOG', 'XDG_ACTIVATION_TOKEN': 'gnome-shell/Terminator/2807-15-rakesh-HP-Pavilion-Laptop-15-eh1xxx_TIME11314469', 'GZ_SIM_RESOURCE_PATH': '/opt/ros/jazzy/share::/path/to/your/textures', 'USER': 'rakesh', 'GZ_CONFIG_PATH': '/opt/ros/jazzy/opt/gz_sim_vendor/share/gz:/opt/ros/jazzy/opt/sdformat_vendor/share/gz:/opt/ros/jazzy/opt/gz_gui_vendor/share/gz:/opt/ros/jazzy/opt/gz_transport_vendor/share/gz:/opt/ros/jazzy/opt/gz_rendering_vendor/share/gz:/opt/ros/jazzy/opt/gz_plugin_vendor/share/gz:/opt/ros/jazzy/opt/gz_fuel_tools_vendor/share/gz:/opt/ros/jazzy/opt/gz_msgs_vendor/share/gz:/opt/ros/jazzy/opt/gz_common_vendor/share/gz', 'XDG_SESSION_TYPE': 'x11', 'CLUTTER_DISABLE_MIPMAPPED_TEXT': '1', 'SHLVL': '1', 'LD_LIBRARY_PATH': '/opt/ros/jazzy/opt/gz_sim_vendor/lib:/opt/ros/jazzy/opt/gz_sensors_vendor/lib:/opt/ros/jazzy/opt/gz_physics_vendor/lib:/opt/ros/jazzy/opt/sdformat_vendor/lib:/opt/ros/jazzy/opt/rviz_ogre_vendor/lib:/opt/ros/jazzy/lib/x86_64-linux-gnu:/opt/ros/jazzy/opt/gz_gui_vendor/lib:/opt/ros/jazzy/opt/gz_transport_vendor/lib:/opt/ros/jazzy/opt/gz_rendering_vendor/lib:/opt/ros/jazzy/opt/gz_plugin_vendor/lib:/opt/ros/jazzy/opt/gz_fuel_tools_vendor/lib:/opt/ros/jazzy/opt/gz_msgs_vendor/lib:/opt/ros/jazzy/opt/gz_common_vendor/lib:/opt/ros/jazzy/opt/gz_math_vendor/lib:/opt/ros/jazzy/opt/gz_utils_vendor/lib:/opt/ros/jazzy/opt/gz_tools_vendor/lib:/opt/ros/jazzy/opt/gz_ogre_next_vendor/lib:/opt/ros/jazzy/opt/gz_dartsim_vendor/lib:/opt/ros/jazzy/opt/gz_cmake_vendor/lib:/opt/ros/jazzy/lib:/opt/ros/jazzy/lib:/opt/unitree_robotics/lib:', 'HOME': '/home/rakesh', 'OLDPWD': '/home/rakesh', 'DESKTOP_SESSION': 'ubuntu-xorg', 'GIO_LAUNCHED_DESKTOP_FILE': '/usr/share/applications/terminator.desktop', 'ROS_PYTHON_VERSION': '3', 'GNOME_SHELL_SESSION_MODE': 'ubuntu', 'GTK_MODULES': 'gail:atk-bridge', 'MANAGERPID': '2411', 'SYSTEMD_EXEC_PID': '2807', 'GSM_SKIP_SSH_AGENT_WORKAROUND': 'true', 'DBUS_SESSION_BUS_ADDRESS': 'unix:path=/run/user/1000/bus', 'COLORTERM': 'truecolor', 'TERMINATOR_DBUS_NAME': 'net.tenshu.Terminator21a9d5db22c73a993ff0b42f64b396873', 'GIO_LAUNCHED_DESKTOP_FILE_PID': '14186', 'DEBUGINFOD_URLS': 'https://debuginfod.ubuntu.com', 'ROS_DISTRO': 'jazzy', 'LOGNAME': 'rakesh', 'JOURNAL_STREAM': '9:25688', '_': '/usr/bin/colcon', 'ROS_VERSION': '2', 'MEMORY_PRESSURE_WATCH': '/sys/fs/cgroup/user.slice/user-1000.slice/user@1000.service/session.slice/org.gnome.Shell@x11.service/memory.pressure', 'XDG_SESSION_CLASS': 'user', 'USERNAME': 'rakesh', 'TERM': 'xterm-256color', 'GAZEBO_MODEL_PATH': '/home/rakesh/go2_ws/src/go2_description:', 'GNOME_DESKTOP_SESSION_ID': 'this-is-deprecated', 'WINDOWPATH': '2', 'PATH': '/opt/ros/jazzy/opt/gz_msgs_vendor/bin:/opt/ros/jazzy/opt/gz_tools_vendor/bin:/opt/ros/jazzy/opt/gz_ogre_next_vendor/bin:/opt/ros/jazzy/bin:/opt/unitree_robotics/bin:/usr/local/sbin:/usr/local/bin:/usr/sbin:/usr/bin:/sbin:/bin:/usr/games:/usr/local/games:/snap/bin:/snap/bin', 'SESSION_MANAGER': 'local/rakesh-HP-Pavilion-Laptop-15-eh1xxx:@/tmp/.ICE-unix/2776,unix/rakesh-HP-Pavilion-Laptop-15-eh1xxx:/tmp/.ICE-unix/2776', 'INVOCATION_ID': '51a4733567f54ad4915497f590a411dc', 'XDG_MENU_PREFIX': 'gnome-', 'XDG_RUNTIME_DIR': '/run/user/1000', 'DISPLAY': ':0', 'TERMINATOR_DBUS_PATH': '/net/tenshu/Terminator2', 'LANG': 'en_US.UTF-8', 'XDG_CURRENT_DESKTOP': 'ubuntu:GNOME', 'XMODIFIERS': '@im=ibus', 'XDG_SESSION_DESKTOP': 'ubuntu-xorg', 'XAUTHORITY': '/run/user/1000/gdm/Xauthority', 'SSH_AUTH_SOCK': '/run/user/1000/keyring/ssh', 'AMENT_PREFIX_PATH': '/home/rakesh/go2_ws/install/realsense2_description:/opt/ros/jazzy:', 'SHELL': '/bin/bash', 'IGN_GAZEBO_SYSTEM_PLUGIN_PATH': ':/home/rakesh/home/rakesh/gazebo_ros2_control', 'TERMINATOR_UUID': 'urn:uuid:256e2392-6220-4d4c-9a8e-43be3fb18f0c', 'QT_ACCESSIBILITY': '1', 'GDMSESSION': 'ubuntu-xorg', 'GPG_AGENT_INFO': '/run/user/1000/gnupg/S.gpg-agent:0:1', 'GJS_DEBUG_OUTPUT': 'stderr', 'ROS_AUTOMATIC_DISCOVERY_RANGE': 'SUBNET', 'QT_IM_MODULE': 'ibus', 'PWD': '/home/rakesh/go2_ws/build/go2_description', 'TURTLEBOT3_MODEL': 'waffle', 'LC_ALL': 'en_US.UTF-8', 'XDG_CONFIG_DIRS': '/etc/xdg/xdg-ubuntu-xorg:/etc/xdg', 'GAZEBO_PLUGIN_PATH': '/home/rakesh/home/rakesh/unitree_ros2/lib:/home/rakesh/home/rakesh/unitree_ros2/lib:/opt/ros/jazzy/lib:', 'XDG_DATA_DIRS': '/usr/share/ubuntu-xorg:/usr/share/gnome:/home/rakesh/.local/share/flatpak/exports/share:/var/lib/flatpak/exports/share:/usr/local/share/:/usr/share/:/var/lib/snapd/desktop', 'PYTHONPATH': '/opt/ros/jazzy/lib/python3.12/site-packages', 'COLCON': '1', 'MEMORY_PRESSURE_WRITE': 'c29tZSAyMDAwMDAgMjAwMDAwMAA=', 'VTE_VERSION': '7600', 'GZ_SIM_PHYSICS_ENGINE_PATH': '/usr/lib/x86_64-linux-gnu/gz-physics-6/engine-plugins', 'CMAKE_PREFIX_PATH': '/home/rakesh/go2_ws/install/realsense2_description:/opt/ros/jazzy/opt/gz_sim_vendor:/opt/ros/jazzy/opt/gz_sensors_vendor:/opt/ros/jazzy/opt/gz_physics_vendor:/opt/ros/jazzy/opt/sdformat_vendor:/opt/ros/jazzy/opt/gz_gui_vendor:/opt/ros/jazzy/opt/gz_transport_vendor:/opt/ros/jazzy/opt/gz_rendering_vendor:/opt/ros/jazzy/opt/gz_plugin_vendor:/opt/ros/jazzy/opt/gz_fuel_tools_vendor:/opt/ros/jazzy/opt/gz_msgs_vendor:/opt/ros/jazzy/opt/gz_common_vendor:/opt/ros/jazzy/opt/gz_math_vendor:/opt/ros/jazzy/opt/gz_utils_vendor:/opt/ros/jazzy/opt/gz_tools_vendor:/opt/ros/jazzy/opt/gz_ogre_next_vendor:/opt/ros/jazzy/opt/gz_dartsim_vendor:/opt/ros/jazzy/opt/gz_cmake_vendor:/opt/ros/jazzy:'}), 'shell': False}
[3.031662] (go2_description) StdoutLine: {'line': b'-- Install configuration: ""\n'}
[3.031936] (go2_description) StdoutLine: {'line': b'-- Installing: /home/rakesh/go2_ws/install/go2_description/share/go2_description//urdf\n'}
[3.032122] (go2_description) StdoutLine: {'line': b'-- Installing: /home/rakesh/go2_ws/install/go2_description/share/go2_description//urdf/go2_description.urdf.xacro\n'}
[3.033106] (go2_description) StdoutLine: {'line': b'-- Installing: /home/rakesh/go2_ws/install/go2_description/share/go2_description//urdf/testing.urdf.xacro\n'}
[3.033306] (go2_description) StdoutLine: {'line': b'-- Installing: /home/rakesh/go2_ws/install/go2_description/share/go2_description//urdf/Normal_collision_model.png\n'}
[3.034405] (go2_description) StdoutLine: {'line': b'-- Installing: /home/rakesh/go2_ws/install/go2_description/share/go2_description//urdf/materials.urdf.xacro\n'}
[3.034685] (go2_description) StdoutLine: {'line': b'-- Installing: /home/rakesh/go2_ws/install/go2_description/share/go2_description//urdf/Amended_collision_model.png\n'}
[3.035565] (go2_description) StdoutLine: {'line': b'-- Installing: /home/rakesh/go2_ws/install/go2_description/share/go2_description//urdf/.history\n'}
[3.035735] (go2_description) StdoutLine: {'line': b'-- Installing: /home/rakesh/go2_ws/install/go2_description/share/go2_description//urdf/.history/go2_description_20230905112749.urdf\n'}
[3.036246] (go2_description) StdoutLine: {'line': b'-- Installing: /home/rakesh/go2_ws/install/go2_description/share/go2_description//urdf/.history/go2_description_20230905113755.urdf\n'}
[3.036659] (go2_description) StdoutLine: {'line': b'-- Installing: /home/rakesh/go2_ws/install/go2_description/share/go2_description//urdf/.history/go2_description_20230904193705.urdf\n'}
[3.037304] (go2_description) StdoutLine: {'line': b'-- Installing: /home/rakesh/go2_ws/install/go2_description/share/go2_description//urdf/.history/go2_description_20230905113840.urdf\n'}
[3.037733] (go2_description) StdoutLine: {'line': b'-- Installing: /home/rakesh/go2_ws/install/go2_description/share/go2_description//urdf/.history/go2_description_20230904193644.urdf\n'}
[3.038400] (go2_description) StdoutLine: {'line': b'-- Installing: /home/rakesh/go2_ws/install/go2_description/share/go2_description//urdf/.history/go2_description_20230905113839.urdf\n'}
[3.038790] (go2_description) StdoutLine: {'line': b'-- Installing: /home/rakesh/go2_ws/install/go2_description/share/go2_description//urdf/.history/go2_description_20230905112047.urdf\n'}
[3.039234] (go2_description) StdoutLine: {'line': b'-- Installing: /home/rakesh/go2_ws/install/go2_description/share/go2_description//urdf/.history/go2_description_20230904182446.urdf\n'}
[3.039749] (go2_description) StdoutLine: {'line': b'-- Installing: /home/rakesh/go2_ws/install/go2_description/share/go2_description//urdf/.history/go2_description_20230905112217.urdf\n'}
[3.040013] (go2_description) StdoutLine: {'line': b'-- Installing: /home/rakesh/go2_ws/install/go2_description/share/go2_description//urdf/.history/go2_description_20230905113754.urdf\n'}
[3.040529] (go2_description) StdoutLine: {'line': b'-- Installing: /home/rakesh/go2_ws/install/go2_description/share/go2_description//urdf/.history/go2_description_20230905112735.urdf\n'}
[3.040974] (go2_description) StdoutLine: {'line': b'-- Installing: /home/rakesh/go2_ws/install/go2_description/share/go2_description//urdf/.history/go2_description_20230905112143.urdf\n'}
[3.041499] (go2_description) StdoutLine: {'line': b'-- Installing: /home/rakesh/go2_ws/install/go2_description/share/go2_description//urdf/.history/go2_description_20230904193711.urdf\n'}
[3.041979] (go2_description) StdoutLine: {'line': b'-- Installing: /home/rakesh/go2_ws/install/go2_description/share/go2_description//urdf/.history/go2_description_20230905115313.urdf\n'}
[3.042398] (go2_description) StdoutLine: {'line': b'-- Installing: /home/rakesh/go2_ws/install/go2_description/share/go2_description//urdf/.history/go2_description_20230905114759.urdf\n'}
[3.042814] (go2_description) StdoutLine: {'line': b'-- Installing: /home/rakesh/go2_ws/install/go2_description/share/go2_description//urdf/.history/go2_description_20230904144240.urdf\n'}
[3.043218] (go2_description) StdoutLine: {'line': b'-- Installing: /home/rakesh/go2_ws/install/go2_description/share/go2_description//urdf/.history/go2_description_20230905113000.urdf\n'}
[3.043809] (go2_description) StdoutLine: {'line': b'-- Installing: /home/rakesh/go2_ws/install/go2_description/share/go2_description//urdf/.history/go2_description_20230905114819.urdf\n'}
[3.044324] (go2_description) StdoutLine: {'line': b'-- Installing: /home/rakesh/go2_ws/install/go2_description/share/go2_description//urdf/.history/go2_description_20230904193710.urdf\n'}
[3.044854] (go2_description) StdoutLine: {'line': b'-- Installing: /home/rakesh/go2_ws/install/go2_description/share/go2_description//urdf/.history/go2_description_20230905115022.urdf\n'}
[3.045452] (go2_description) StdoutLine: {'line': b'-- Installing: /home/rakesh/go2_ws/install/go2_description/share/go2_description//urdf/.history/go2_description_20230905115300.urdf\n'}
[3.045751] (go2_description) StdoutLine: {'line': b'-- Installing: /home/rakesh/go2_ws/install/go2_description/share/go2_description//urdf/.history/go2_description_20230904193628.urdf\n'}
[3.046465] (go2_description) StdoutLine: {'line': b'-- Installing: /home/rakesh/go2_ws/install/go2_description/share/go2_description//urdf/.history/go2_description_20230904193653.urdf\n'}
[3.047203] (go2_description) StdoutLine: {'line': b'-- Installing: /home/rakesh/go2_ws/install/go2_description/share/go2_description//urdf/.history/go2_description_20230905112752.urdf\n'}
[3.047887] (go2_description) StdoutLine: {'line': b'-- Installing: /home/rakesh/go2_ws/install/go2_description/share/go2_description//urdf/.history/go2_description_20230905115215.urdf\n'}
[3.048226] (go2_description) StdoutLine: {'line': b'-- Installing: /home/rakesh/go2_ws/install/go2_description/share/go2_description//urdf/.history/go2_description_20230905113059.urdf\n'}
[3.048921] (go2_description) StdoutLine: {'line': b'-- Installing: /home/rakesh/go2_ws/install/go2_description/share/go2_description//urdf/.history/go2_description_20230905112944.urdf\n'}
[3.049378] (go2_description) StdoutLine: {'line': b'-- Installing: /home/rakesh/go2_ws/install/go2_description/share/go2_description//urdf/.history/go2_description_20230905115021.urdf\n'}
[3.049878] (go2_description) StdoutLine: {'line': b'-- Installing: /home/rakesh/go2_ws/install/go2_description/share/go2_description//urdf/.history/go2_description_20230905113633.urdf\n'}
[3.050868] (go2_description) StdoutLine: {'line': b'-- Installing: /home/rakesh/go2_ws/install/go2_description/share/go2_description//urdf/.history/go2_description_20230905115040.urdf\n'}
[3.051309] (go2_description) StdoutLine: {'line': b'-- Installing: /home/rakesh/go2_ws/install/go2_description/share/go2_description//urdf/.history/go2_description_20230905115226.urdf\n'}
[3.051665] (go2_description) StdoutLine: {'line': b'-- Installing: /home/rakesh/go2_ws/install/go2_description/share/go2_description//urdf/test.urdf.xacro\n'}
[3.052382] (go2_description) StdoutLine: {'line': b'-- Installing: /home/rakesh/go2_ws/install/go2_description/share/go2_description//urdf/test2.urdf.xacro\n'}
[3.052811] (go2_description) StdoutLine: {'line': b'-- Installing: /home/rakesh/go2_ws/install/go2_description/share/go2_description//urdf/d435.urdf.xacro\n'}
[3.053109] (go2_description) StdoutLine: {'line': b'-- Installing: /home/rakesh/go2_ws/install/go2_description/share/go2_description//launch\n'}
[3.053316] (go2_description) StdoutLine: {'line': b'-- Installing: /home/rakesh/go2_ws/install/go2_description/share/go2_description//launch/rviz.launch\n'}
[3.053738] (go2_description) StdoutLine: {'line': b'-- Installing: /home/rakesh/go2_ws/install/go2_description/share/go2_description//launch/check_joint.rviz\n'}
[3.054126] (go2_description) StdoutLine: {'line': b'-- Installing: /home/rakesh/go2_ws/install/go2_description/share/go2_description//launch/go2_rviz.launch\n'}
[3.054501] (go2_description) StdoutLine: {'line': b'-- Installing: /home/rakesh/go2_ws/install/go2_description/share/go2_description//launch/gazebo.launch\n'}
[3.054851] (go2_description) StdoutLine: {'line': b'-- Installing: /home/rakesh/go2_ws/install/go2_description/share/go2_description//xacro\n'}
[3.054995] (go2_description) StdoutLine: {'line': b'-- Installing: /home/rakesh/go2_ws/install/go2_description/share/go2_description//xacro/lidar.xacro\n'}
[3.055448] (go2_description) StdoutLine: {'line': b'-- Installing: /home/rakesh/go2_ws/install/go2_description/share/go2_description//xacro/camera.xacro\n'}
[3.055706] (go2_description) StdoutLine: {'line': b'-- Installing: /home/rakesh/go2_ws/install/go2_description/share/go2_description//xacro/materials.xacro\n'}
[3.056000] (go2_description) StdoutLine: {'line': b'-- Installing: /home/rakesh/go2_ws/install/go2_description/share/go2_description//xacro/robot.xacro\n'}
[3.056475] (go2_description) StdoutLine: {'line': b'-- Installing: /home/rakesh/go2_ws/install/go2_description/share/go2_description//xacro/const.xacro\n'}
[3.056878] (go2_description) StdoutLine: {'line': b'-- Installing: /home/rakesh/go2_ws/install/go2_description/share/go2_description//xacro/transmission.xacro\n'}
[3.057328] (go2_description) StdoutLine: {'line': b'-- Installing: /home/rakesh/go2_ws/install/go2_description/share/go2_description//xacro/velodyne.xacro\n'}
[3.057798] (go2_description) StdoutLine: {'line': b'-- Installing: /home/rakesh/go2_ws/install/go2_description/share/go2_description//xacro/leg.xacro\n'}
[3.058440] (go2_description) StdoutLine: {'line': b'-- Installing: /home/rakesh/go2_ws/install/go2_description/share/go2_description//xacro/gazebo123.xacro\n'}
[3.058943] (go2_description) StdoutLine: {'line': b'-- Installing: /home/rakesh/go2_ws/install/go2_description/share/go2_description//rviz\n'}
[3.059099] (go2_description) StdoutLine: {'line': b'-- Installing: /home/rakesh/go2_ws/install/go2_description/share/go2_description//rviz/go2_new.rviz\n'}
[3.059481] (go2_description) StdoutLine: {'line': b'-- Installing: /home/rakesh/go2_ws/install/go2_description/share/go2_description//config\n'}
[3.059688] (go2_description) StdoutLine: {'line': b'-- Installing: /home/rakesh/go2_ws/install/go2_description/share/go2_description//config/joint_names_go2_description.yaml\n'}
[3.059861] (go2_description) StdoutLine: {'line': b'-- Installing: /home/rakesh/go2_ws/install/go2_description/share/go2_description//config/control1.yaml\n'}
[3.060191] (go2_description) StdoutLine: {'line': b'-- Installing: /home/rakesh/go2_ws/install/go2_description/share/go2_description//config/gazebo_bridge.yaml\n'}
[3.060678] (go2_description) StdoutLine: {'line': b'-- Installing: /home/rakesh/go2_ws/install/go2_description/share/go2_description//config/robot_control.yaml\n'}
[3.060994] (go2_description) StdoutLine: {'line': b'-- Installing: /home/rakesh/go2_ws/install/go2_description/share/go2_description//model\n'}
[3.061259] (go2_description) StdoutLine: {'line': b'-- Installing: /home/rakesh/go2_ws/install/go2_description/share/go2_description//model/foot.dae\n'}
[3.063272] (go2_description) StdoutLine: {'line': b'-- Installing: /home/rakesh/go2_ws/install/go2_description/share/go2_description//model/thigh_mirror.dae\n'}
[3.071747] (go2_description) StdoutLine: {'line': b'-- Installing: /home/rakesh/go2_ws/install/go2_description/share/go2_description//model/base.dae\n'}
[3.096420] (go2_description) StdoutLine: {'line': b'-- Installing: /home/rakesh/go2_ws/install/go2_description/share/go2_description//model/hip.dae\n'}
[3.106803] (-) TimerEvent: {}
[3.109258] (go2_description) StdoutLine: {'line': b'-- Installing: /home/rakesh/go2_ws/install/go2_description/share/go2_description//model/calf.dae\n'}
[3.112315] (go2_description) StdoutLine: {'line': b'-- Installing: /home/rakesh/go2_ws/install/go2_description/share/go2_description//model/calf_mirror.dae\n'}
[3.115645] (go2_description) StdoutLine: {'line': b'-- Installing: /home/rakesh/go2_ws/install/go2_description/share/go2_description//model/thigh.dae\n'}
[3.125353] (go2_description) StdoutLine: {'line': b'-- Installing: /home/rakesh/go2_ws/install/go2_description/share/go2_description//meshes\n'}
[3.125691] (go2_description) StdoutLine: {'line': b'-- Installing: /home/rakesh/go2_ws/install/go2_description/share/go2_description//meshes/trunk.dae\n'}
[3.165764] (go2_description) StdoutLine: {'line': b'-- Installing: /home/rakesh/go2_ws/install/go2_description/share/go2_description//meshes/foot.dae\n'}
[3.169559] (go2_description) StdoutLine: {'line': b'-- Installing: /home/rakesh/go2_ws/install/go2_description/share/go2_description//meshes/L1_4D_Lidar.dae\n'}
[3.206382] (go2_description) StdoutLine: {'line': b'-- Installing: /home/rakesh/go2_ws/install/go2_description/share/go2_description//meshes/thigh_mirror.dae\n'}
[3.206863] (-) TimerEvent: {}
[3.255886] (go2_description) StdoutLine: {'line': b'-- Installing: /home/rakesh/go2_ws/install/go2_description/share/go2_description//meshes/base.dae\n'}
[3.291630] (go2_description) StdoutLine: {'line': b'-- Installing: /home/rakesh/go2_ws/install/go2_description/share/go2_description//meshes/VLP16_base_1.dae\n'}
[3.292866] (go2_description) StdoutLine: {'line': b'-- Installing: /home/rakesh/go2_ws/install/go2_description/share/go2_description//meshes/hip.dae\n'}
[3.304385] (go2_description) StdoutLine: {'line': b'-- Installing: /home/rakesh/go2_ws/install/go2_description/share/go2_description//meshes/calf.dae\n'}
[3.306966] (-) TimerEvent: {}
[3.307442] (go2_description) StdoutLine: {'line': b'-- Installing: /home/rakesh/go2_ws/install/go2_description/share/go2_description//meshes/calf_mirror.dae\n'}
[3.310548] (go2_description) StdoutLine: {'line': b'-- Installing: /home/rakesh/go2_ws/install/go2_description/share/go2_description//meshes/hokuyo.dae\n'}
[3.311621] (go2_description) StdoutLine: {'line': b'-- Installing: /home/rakesh/go2_ws/install/go2_description/share/go2_description//meshes/thigh.dae\n'}
[3.321225] (go2_description) StdoutLine: {'line': b'-- Installing: /home/rakesh/go2_ws/install/go2_description/share/go2_description//meshes/d435.dae\n'}
[3.362469] (go2_description) StdoutLine: {'line': b'-- Installing: /home/rakesh/go2_ws/install/go2_description/share/go2_description//meshes/VLP16_base_2.dae\n'}
[3.363776] (go2_description) StdoutLine: {'line': b'-- Installing: /home/rakesh/go2_ws/install/go2_description/share/go2_description//meshes/VLP16_scan.dae\n'}
[3.364310] (go2_description) StdoutLine: {'line': b'-- Installing: /home/rakesh/go2_ws/install/go2_description/share/go2_description//sdf\n'}
[3.364633] (go2_description) StdoutLine: {'line': b'-- Installing: /home/rakesh/go2_ws/install/go2_description/share/go2_description//sdf/world.sdf\n'}
[3.364982] (go2_description) StdoutLine: {'line': b'-- Installing: /home/rakesh/go2_ws/install/go2_description/share/go2_description//sdf/plugins.xacro\n'}
[3.365969] (go2_description) StdoutLine: {'line': b'-- Installing: /home/rakesh/go2_ws/install/go2_description/share/ament_index/resource_index/package_run_dependencies/go2_description\n'}
[3.366293] (go2_description) StdoutLine: {'line': b'-- Installing: /home/rakesh/go2_ws/install/go2_description/share/ament_index/resource_index/parent_prefix_path/go2_description\n'}
[3.366716] (go2_description) StdoutLine: {'line': b'-- Installing: /home/rakesh/go2_ws/install/go2_description/share/go2_description/environment/ament_prefix_path.sh\n'}
[3.367253] (go2_description) StdoutLine: {'line': b'-- Installing: /home/rakesh/go2_ws/install/go2_description/share/go2_description/environment/ament_prefix_path.dsv\n'}
[3.367398] (go2_description) StdoutLine: {'line': b'-- Installing: /home/rakesh/go2_ws/install/go2_description/share/go2_description/environment/path.sh\n'}
[3.367589] (go2_description) StdoutLine: {'line': b'-- Installing: /home/rakesh/go2_ws/install/go2_description/share/go2_description/environment/path.dsv\n'}
[3.367793] (go2_description) StdoutLine: {'line': b'-- Installing: /home/rakesh/go2_ws/install/go2_description/share/go2_description/local_setup.bash\n'}
[3.367976] (go2_description) StdoutLine: {'line': b'-- Installing: /home/rakesh/go2_ws/install/go2_description/share/go2_description/local_setup.sh\n'}
[3.368240] (go2_description) StdoutLine: {'line': b'-- Installing: /home/rakesh/go2_ws/install/go2_description/share/go2_description/local_setup.zsh\n'}
[3.368608] (go2_description) StdoutLine: {'line': b'-- Installing: /home/rakesh/go2_ws/install/go2_description/share/go2_description/local_setup.dsv\n'}
[3.368831] (go2_description) StdoutLine: {'line': b'-- Installing: /home/rakesh/go2_ws/install/go2_description/share/go2_description/package.dsv\n'}
[3.369185] (go2_description) StdoutLine: {'line': b'-- Installing: /home/rakesh/go2_ws/install/go2_description/share/ament_index/resource_index/packages/go2_description\n'}
[3.369447] (go2_description) StdoutLine: {'line': b'-- Installing: /home/rakesh/go2_ws/install/go2_description/share/go2_description/cmake/go2_descriptionConfig.cmake\n'}
[3.369733] (go2_description) StdoutLine: {'line': b'-- Installing: /home/rakesh/go2_ws/install/go2_description/share/go2_description/cmake/go2_descriptionConfig-version.cmake\n'}
[3.370082] (go2_description) StdoutLine: {'line': b'-- Installing: /home/rakesh/go2_ws/install/go2_description/share/go2_description/package.xml\n'}
[3.373418] (go2_description) CommandEnded: {'returncode': 0}
[3.390037] (go2_description) JobEnded: {'identifier': 'go2_description', 'rc': 0}
[3.390955] (-) EventReactorShutdown: {}
